{"__type":"$$EventMessageAudit","id":"93f44b9d-aee3-4e47-b68b-6795f0cc9cae","ts":"2025-08-28T08:20:47.432+00:00","eventName":"n8n.audit.user.login.failed","message":"n8n.audit.user.login.failed","payload":{"authenticationMethod":"email","userEmail":"ayeshaareej222@gmail.com","reason":"wrong credentials"}}
{"__type":"$$EventMessageConfirm","confirm":"93f44b9d-aee3-4e47-b68b-6795f0cc9cae","ts":"2025-08-28T08:20:47.433+00:00","source":{"id":"0","name":"eventBus"}}
{"__type":"$$EventMessageAudit","id":"fcc13e9f-eec1-440a-94be-dc8c7bac29a9","ts":"2025-08-28T08:21:07.753+00:00","eventName":"n8n.audit.user.login.success","message":"n8n.audit.user.login.success","payload":{"userId":"8f719475-e455-41e2-af6c-29e41158f91f","_email":"ayeshaareej222@gmail.com","_firstName":"Ayesha ","_lastName":"Areej","globalRole":"global:owner","authenticationMethod":"email"}}
{"__type":"$$EventMessageConfirm","confirm":"fcc13e9f-eec1-440a-94be-dc8c7bac29a9","ts":"2025-08-28T08:21:07.754+00:00","source":{"id":"0","name":"eventBus"}}
{"__type":"$$EventMessageAudit","id":"33011533-6b6b-45d3-9b24-c89bd3e7ea4b","ts":"2025-08-28T09:27:13.459+00:00","eventName":"n8n.audit.workflow.updated","message":"n8n.audit.workflow.updated","payload":{"userId":"8f719475-e455-41e2-af6c-29e41158f91f","_email":"ayeshaareej222@gmail.com","_firstName":"Ayesha ","_lastName":"Areej","globalRole":"global:owner","workflowId":"LQp1Ihvvu3Ot0vte","workflowName":"ScheduledTriggerAndFilterBranches"}}
{"__type":"$$EventMessageConfirm","confirm":"33011533-6b6b-45d3-9b24-c89bd3e7ea4b","ts":"2025-08-28T09:27:13.460+00:00","source":{"id":"0","name":"eventBus"}}
{"__type":"$$EventMessageWorkflow","id":"de4ed3f8-8df8-4488-9103-a66370feae44","ts":"2025-08-28T09:30:55.733+00:00","eventName":"n8n.workflow.started","message":"n8n.workflow.started","payload":{"executionId":"738","workflowId":"vOtiqtDy549BZTW6","isManual":false,"workflowName":"GmailToSheets"}}
{"__type":"$$EventMessageConfirm","confirm":"de4ed3f8-8df8-4488-9103-a66370feae44","ts":"2025-08-28T09:30:55.733+00:00","source":{"id":"0","name":"eventBus"}}
{"__type":"$$EventMessageNode","id":"b53200fd-11bd-4c96-a100-55ce5b4ff698","ts":"2025-08-28T09:30:55.734+00:00","eventName":"n8n.node.started","message":"n8n.node.started","payload":{"workflowId":"vOtiqtDy549BZTW6","workflowName":"GmailToSheets","executionId":"738","nodeType":"n8n-nodes-base.manualTrigger","nodeName":"When clicking ‘Execute workflow’","nodeId":"ffb1d4e4-d667-4c92-8c37-d2c860111277"}}
{"__type":"$$EventMessageConfirm","confirm":"b53200fd-11bd-4c96-a100-55ce5b4ff698","ts":"2025-08-28T09:30:55.735+00:00","source":{"id":"0","name":"eventBus"}}
{"__type":"$$EventMessageNode","id":"7c2989d4-88ff-4bce-8346-3565dd21f687","ts":"2025-08-28T09:30:55.737+00:00","eventName":"n8n.node.finished","message":"n8n.node.finished","payload":{"workflowId":"vOtiqtDy549BZTW6","workflowName":"GmailToSheets","executionId":"738","nodeType":"n8n-nodes-base.manualTrigger","nodeName":"When clicking ‘Execute workflow’","nodeId":"ffb1d4e4-d667-4c92-8c37-d2c860111277"}}
{"__type":"$$EventMessageConfirm","confirm":"7c2989d4-88ff-4bce-8346-3565dd21f687","ts":"2025-08-28T09:30:55.737+00:00","source":{"id":"0","name":"eventBus"}}
{"__type":"$$EventMessageNode","id":"a329f46b-3958-4105-8f3e-84bf20d08c9a","ts":"2025-08-28T09:30:55.737+00:00","eventName":"n8n.node.started","message":"n8n.node.started","payload":{"workflowId":"vOtiqtDy549BZTW6","workflowName":"GmailToSheets","executionId":"738","nodeType":"n8n-nodes-base.gmail","nodeName":"Get many messages","nodeId":"1809e6c2-e91a-4f6b-86b5-dbf0041bfc6d"}}
{"__type":"$$EventMessageConfirm","confirm":"a329f46b-3958-4105-8f3e-84bf20d08c9a","ts":"2025-08-28T09:30:55.737+00:00","source":{"id":"0","name":"eventBus"}}
{"__type":"$$EventMessageNode","id":"639a88a8-5062-4cf3-aa79-fab7d5ee8a65","ts":"2025-08-28T09:30:56.751+00:00","eventName":"n8n.node.finished","message":"n8n.node.finished","payload":{"workflowId":"vOtiqtDy549BZTW6","workflowName":"GmailToSheets","executionId":"738","nodeType":"n8n-nodes-base.gmail","nodeName":"Get many messages","nodeId":"1809e6c2-e91a-4f6b-86b5-dbf0041bfc6d"}}
{"__type":"$$EventMessageConfirm","confirm":"639a88a8-5062-4cf3-aa79-fab7d5ee8a65","ts":"2025-08-28T09:30:56.751+00:00","source":{"id":"0","name":"eventBus"}}
{"__type":"$$EventMessageWorkflow","id":"bff428c0-98d5-4e83-866d-ac08bab86a23","ts":"2025-08-28T09:30:56.757+00:00","eventName":"n8n.workflow.failed","message":"n8n.workflow.failed","payload":{"userId":"8f719475-e455-41e2-af6c-29e41158f91f","executionId":"738","success":false,"isManual":true,"workflowId":"vOtiqtDy549BZTW6","workflowName":"GmailToSheets","lastNodeExecuted":"Get many messages","errorNodeType":"n8n-nodes-base.gmail","errorMessage":"The provided authorization grant (e.g., authorization code, resource owner credentials) or refresh token is invalid, expired, revoked, does not match the redirection URI used in the authorization request, or was issued to another client. (item 0)"}}
{"__type":"$$EventMessageConfirm","confirm":"bff428c0-98d5-4e83-866d-ac08bab86a23","ts":"2025-08-28T09:30:56.758+00:00","source":{"id":"0","name":"eventBus"}}
{"__type":"$$EventMessageWorkflow","id":"22baf063-737e-457e-baa3-0681b189d0e8","ts":"2025-08-28T09:31:09.397+00:00","eventName":"n8n.workflow.started","message":"n8n.workflow.started","payload":{"executionId":"739","workflowId":"vOtiqtDy549BZTW6","isManual":false,"workflowName":"GmailToSheets"}}
{"__type":"$$EventMessageConfirm","confirm":"22baf063-737e-457e-baa3-0681b189d0e8","ts":"2025-08-28T09:31:09.397+00:00","source":{"id":"0","name":"eventBus"}}
{"__type":"$$EventMessageNode","id":"e9671f9a-83c9-4815-a6d4-45ef6905b6f9","ts":"2025-08-28T09:31:09.399+00:00","eventName":"n8n.node.started","message":"n8n.node.started","payload":{"workflowId":"vOtiqtDy549BZTW6","workflowName":"GmailToSheets","executionId":"739","nodeType":"n8n-nodes-base.gmail","nodeName":"Get many messages","nodeId":"1809e6c2-e91a-4f6b-86b5-dbf0041bfc6d"}}
{"__type":"$$EventMessageConfirm","confirm":"e9671f9a-83c9-4815-a6d4-45ef6905b6f9","ts":"2025-08-28T09:31:09.399+00:00","source":{"id":"0","name":"eventBus"}}
{"__type":"$$EventMessageNode","id":"e34b3886-f457-475b-ac3d-edcf72874ba9","ts":"2025-08-28T09:31:10.381+00:00","eventName":"n8n.node.finished","message":"n8n.node.finished","payload":{"workflowId":"vOtiqtDy549BZTW6","workflowName":"GmailToSheets","executionId":"739","nodeType":"n8n-nodes-base.gmail","nodeName":"Get many messages","nodeId":"1809e6c2-e91a-4f6b-86b5-dbf0041bfc6d"}}
{"__type":"$$EventMessageConfirm","confirm":"e34b3886-f457-475b-ac3d-edcf72874ba9","ts":"2025-08-28T09:31:10.382+00:00","source":{"id":"0","name":"eventBus"}}
{"__type":"$$EventMessageWorkflow","id":"6777b053-1ab8-4b2e-822f-180fbfc59b3f","ts":"2025-08-28T09:31:10.388+00:00","eventName":"n8n.workflow.failed","message":"n8n.workflow.failed","payload":{"userId":"8f719475-e455-41e2-af6c-29e41158f91f","executionId":"739","success":false,"isManual":true,"workflowId":"vOtiqtDy549BZTW6","workflowName":"GmailToSheets","lastNodeExecuted":"Get many messages","errorNodeType":"n8n-nodes-base.gmail","errorMessage":"The provided authorization grant (e.g., authorization code, resource owner credentials) or refresh token is invalid, expired, revoked, does not match the redirection URI used in the authorization request, or was issued to another client. (item 0)"}}
{"__type":"$$EventMessageConfirm","confirm":"6777b053-1ab8-4b2e-822f-180fbfc59b3f","ts":"2025-08-28T09:31:10.388+00:00","source":{"id":"0","name":"eventBus"}}
{"__type":"$$EventMessageAudit","id":"bc905049-864e-4526-840f-9a8259855640","ts":"2025-08-28T09:31:13.337+00:00","eventName":"n8n.audit.user.credentials.updated","message":"n8n.audit.user.credentials.updated","payload":{"userId":"8f719475-e455-41e2-af6c-29e41158f91f","_email":"ayeshaareej222@gmail.com","_firstName":"Ayesha ","_lastName":"Areej","globalRole":"global:owner","credentialType":"gmailOAuth2","credentialId":"o6fh2VB2PXvyOywO"}}
{"__type":"$$EventMessageConfirm","confirm":"bc905049-864e-4526-840f-9a8259855640","ts":"2025-08-28T09:31:13.337+00:00","source":{"id":"0","name":"eventBus"}}
{"__type":"$$EventMessageWorkflow","id":"d59fff86-e8e1-4e4a-ab74-1a06517b019b","ts":"2025-08-28T09:32:16.068+00:00","eventName":"n8n.workflow.started","message":"n8n.workflow.started","payload":{"executionId":"740","workflowId":"vOtiqtDy549BZTW6","isManual":false,"workflowName":"GmailToSheets"}}
{"__type":"$$EventMessageConfirm","confirm":"d59fff86-e8e1-4e4a-ab74-1a06517b019b","ts":"2025-08-28T09:32:16.068+00:00","source":{"id":"0","name":"eventBus"}}
{"__type":"$$EventMessageNode","id":"a7c5d3cf-8fe3-4160-ab1b-8df5f29b9f03","ts":"2025-08-28T09:32:16.068+00:00","eventName":"n8n.node.started","message":"n8n.node.started","payload":{"workflowId":"vOtiqtDy549BZTW6","workflowName":"GmailToSheets","executionId":"740","nodeType":"n8n-nodes-base.gmail","nodeName":"Get many messages","nodeId":"1809e6c2-e91a-4f6b-86b5-dbf0041bfc6d"}}
{"__type":"$$EventMessageConfirm","confirm":"a7c5d3cf-8fe3-4160-ab1b-8df5f29b9f03","ts":"2025-08-28T09:32:16.068+00:00","source":{"id":"0","name":"eventBus"}}
{"__type":"$$EventMessageNode","id":"e7c29a8a-6b86-4a51-a6a5-172de2bdd0f3","ts":"2025-08-28T09:32:16.531+00:00","eventName":"n8n.node.finished","message":"n8n.node.finished","payload":{"workflowId":"vOtiqtDy549BZTW6","workflowName":"GmailToSheets","executionId":"740","nodeType":"n8n-nodes-base.gmail","nodeName":"Get many messages","nodeId":"1809e6c2-e91a-4f6b-86b5-dbf0041bfc6d"}}
{"__type":"$$EventMessageConfirm","confirm":"e7c29a8a-6b86-4a51-a6a5-172de2bdd0f3","ts":"2025-08-28T09:32:16.531+00:00","source":{"id":"0","name":"eventBus"}}
{"__type":"$$EventMessageWorkflow","id":"c20726a9-5196-49f2-8f97-5d8794777def","ts":"2025-08-28T09:32:16.535+00:00","eventName":"n8n.workflow.failed","message":"n8n.workflow.failed","payload":{"userId":"8f719475-e455-41e2-af6c-29e41158f91f","executionId":"740","success":false,"isManual":true,"workflowId":"vOtiqtDy549BZTW6","workflowName":"GmailToSheets","lastNodeExecuted":"Get many messages","errorNodeType":"n8n-nodes-base.gmail","errorMessage":"Forbidden - perhaps check your credentials? (item 0)"}}
{"__type":"$$EventMessageConfirm","confirm":"c20726a9-5196-49f2-8f97-5d8794777def","ts":"2025-08-28T09:32:16.535+00:00","source":{"id":"0","name":"eventBus"}}
{"__type":"$$EventMessageAudit","id":"9605e4d3-43fd-4f03-a624-a30792ddeb0c","ts":"2025-08-28T09:32:33.826+00:00","eventName":"n8n.audit.user.credentials.created","message":"n8n.audit.user.credentials.created","payload":{"userId":"8f719475-e455-41e2-af6c-29e41158f91f","_email":"ayeshaareej222@gmail.com","_firstName":"Ayesha ","_lastName":"Areej","globalRole":"global:owner","credentialType":"gmailOAuth2","credentialId":"7Yh3sjVBoiOIFr65","publicApi":false,"projectId":"kbFO2qRd3cCUiU0E","projectType":"personal"}}
{"__type":"$$EventMessageConfirm","confirm":"9605e4d3-43fd-4f03-a624-a30792ddeb0c","ts":"2025-08-28T09:32:33.826+00:00","source":{"id":"0","name":"eventBus"}}
{"__type":"$$EventMessageAudit","id":"be485b1e-2128-428d-8b39-2d13995f56d8","ts":"2025-08-28T09:34:08.578+00:00","eventName":"n8n.audit.user.credentials.deleted","message":"n8n.audit.user.credentials.deleted","payload":{"userId":"8f719475-e455-41e2-af6c-29e41158f91f","_email":"ayeshaareej222@gmail.com","_firstName":"Ayesha ","_lastName":"Areej","globalRole":"global:owner","credentialType":"gmailOAuth2","credentialId":"o6fh2VB2PXvyOywO"}}
{"__type":"$$EventMessageConfirm","confirm":"be485b1e-2128-428d-8b39-2d13995f56d8","ts":"2025-08-28T09:34:08.579+00:00","source":{"id":"0","name":"eventBus"}}
{"__type":"$$EventMessageAudit","id":"e20d9174-2da6-4985-951b-4d5b3c3f8acf","ts":"2025-08-28T09:34:12.587+00:00","eventName":"n8n.audit.user.credentials.deleted","message":"n8n.audit.user.credentials.deleted","payload":{"userId":"8f719475-e455-41e2-af6c-29e41158f91f","_email":"ayeshaareej222@gmail.com","_firstName":"Ayesha ","_lastName":"Areej","globalRole":"global:owner","credentialType":"gmailOAuth2","credentialId":"7Yh3sjVBoiOIFr65"}}
{"__type":"$$EventMessageConfirm","confirm":"e20d9174-2da6-4985-951b-4d5b3c3f8acf","ts":"2025-08-28T09:34:12.587+00:00","source":{"id":"0","name":"eventBus"}}
{"__type":"$$EventMessageAudit","id":"fb52be19-8b02-4f7d-a698-f88ecf56a3d9","ts":"2025-08-28T09:34:42.366+00:00","eventName":"n8n.audit.user.credentials.created","message":"n8n.audit.user.credentials.created","payload":{"userId":"8f719475-e455-41e2-af6c-29e41158f91f","_email":"ayeshaareej222@gmail.com","_firstName":"Ayesha ","_lastName":"Areej","globalRole":"global:owner","credentialType":"gmailOAuth2","credentialId":"gFtRSxVZ4FGFeOJ5","publicApi":false,"projectId":"kbFO2qRd3cCUiU0E","projectType":"personal"}}
{"__type":"$$EventMessageConfirm","confirm":"fb52be19-8b02-4f7d-a698-f88ecf56a3d9","ts":"2025-08-28T09:34:42.366+00:00","source":{"id":"0","name":"eventBus"}}
{"__type":"$$EventMessageAudit","id":"ede42e12-dffd-475f-abac-c9e4a982833b","ts":"2025-08-28T09:35:04.403+00:00","eventName":"n8n.audit.user.credentials.updated","message":"n8n.audit.user.credentials.updated","payload":{"userId":"8f719475-e455-41e2-af6c-29e41158f91f","_email":"ayeshaareej222@gmail.com","_firstName":"Ayesha ","_lastName":"Areej","globalRole":"global:owner","credentialType":"gmailOAuth2","credentialId":"gFtRSxVZ4FGFeOJ5"}}
{"__type":"$$EventMessageConfirm","confirm":"ede42e12-dffd-475f-abac-c9e4a982833b","ts":"2025-08-28T09:35:04.404+00:00","source":{"id":"0","name":"eventBus"}}
{"__type":"$$EventMessageAudit","id":"0796e7ea-e022-4d6d-be62-78517610c7c2","ts":"2025-08-28T09:35:05.270+00:00","eventName":"n8n.audit.workflow.updated","message":"n8n.audit.workflow.updated","payload":{"userId":"8f719475-e455-41e2-af6c-29e41158f91f","_email":"ayeshaareej222@gmail.com","_firstName":"Ayesha ","_lastName":"Areej","globalRole":"global:owner","workflowId":"vOtiqtDy549BZTW6","workflowName":"GmailToSheets"}}
{"__type":"$$EventMessageConfirm","confirm":"0796e7ea-e022-4d6d-be62-78517610c7c2","ts":"2025-08-28T09:35:05.270+00:00","source":{"id":"0","name":"eventBus"}}
{"__type":"$$EventMessageWorkflow","id":"e6938861-be51-4bf0-a413-5f0e96dff417","ts":"2025-08-28T09:35:11.427+00:00","eventName":"n8n.workflow.started","message":"n8n.workflow.started","payload":{"executionId":"741","workflowId":"vOtiqtDy549BZTW6","isManual":false,"workflowName":"GmailToSheets"}}
{"__type":"$$EventMessageConfirm","confirm":"e6938861-be51-4bf0-a413-5f0e96dff417","ts":"2025-08-28T09:35:11.427+00:00","source":{"id":"0","name":"eventBus"}}
{"__type":"$$EventMessageNode","id":"9e1ae27b-2a27-40dd-891e-9b13cfb17822","ts":"2025-08-28T09:35:11.428+00:00","eventName":"n8n.node.started","message":"n8n.node.started","payload":{"workflowId":"vOtiqtDy549BZTW6","workflowName":"GmailToSheets","executionId":"741","nodeType":"n8n-nodes-base.gmail","nodeName":"Get many messages","nodeId":"1809e6c2-e91a-4f6b-86b5-dbf0041bfc6d"}}
{"__type":"$$EventMessageConfirm","confirm":"9e1ae27b-2a27-40dd-891e-9b13cfb17822","ts":"2025-08-28T09:35:11.428+00:00","source":{"id":"0","name":"eventBus"}}
{"__type":"$$EventMessageNode","id":"6457e6b7-6fe2-4948-a955-552e3bacbd87","ts":"2025-08-28T09:35:11.858+00:00","eventName":"n8n.node.finished","message":"n8n.node.finished","payload":{"workflowId":"vOtiqtDy549BZTW6","workflowName":"GmailToSheets","executionId":"741","nodeType":"n8n-nodes-base.gmail","nodeName":"Get many messages","nodeId":"1809e6c2-e91a-4f6b-86b5-dbf0041bfc6d"}}
{"__type":"$$EventMessageConfirm","confirm":"6457e6b7-6fe2-4948-a955-552e3bacbd87","ts":"2025-08-28T09:35:11.858+00:00","source":{"id":"0","name":"eventBus"}}
{"__type":"$$EventMessageWorkflow","id":"bea5ab56-5382-4dbb-a9cd-9ea182876ee5","ts":"2025-08-28T09:35:11.864+00:00","eventName":"n8n.workflow.failed","message":"n8n.workflow.failed","payload":{"userId":"8f719475-e455-41e2-af6c-29e41158f91f","executionId":"741","success":false,"isManual":true,"workflowId":"vOtiqtDy549BZTW6","workflowName":"GmailToSheets","lastNodeExecuted":"Get many messages","errorNodeType":"n8n-nodes-base.gmail","errorMessage":"Forbidden - perhaps check your credentials? (item 0)"}}
{"__type":"$$EventMessageConfirm","confirm":"bea5ab56-5382-4dbb-a9cd-9ea182876ee5","ts":"2025-08-28T09:35:11.864+00:00","source":{"id":"0","name":"eventBus"}}
{"__type":"$$EventMessageWorkflow","id":"00cba5f8-7045-496e-9d6f-bc2a06949503","ts":"2025-08-28T09:35:23.335+00:00","eventName":"n8n.workflow.started","message":"n8n.workflow.started","payload":{"executionId":"742","workflowId":"vOtiqtDy549BZTW6","isManual":false,"workflowName":"GmailToSheets"}}
{"__type":"$$EventMessageConfirm","confirm":"00cba5f8-7045-496e-9d6f-bc2a06949503","ts":"2025-08-28T09:35:23.335+00:00","source":{"id":"0","name":"eventBus"}}
{"__type":"$$EventMessageNode","id":"5ca2536f-36e3-4bed-b23c-a45e291be34b","ts":"2025-08-28T09:35:23.336+00:00","eventName":"n8n.node.started","message":"n8n.node.started","payload":{"workflowId":"vOtiqtDy549BZTW6","workflowName":"GmailToSheets","executionId":"742","nodeType":"n8n-nodes-base.manualTrigger","nodeName":"When clicking ‘Execute workflow’","nodeId":"ffb1d4e4-d667-4c92-8c37-d2c860111277"}}
{"__type":"$$EventMessageConfirm","confirm":"5ca2536f-36e3-4bed-b23c-a45e291be34b","ts":"2025-08-28T09:35:23.336+00:00","source":{"id":"0","name":"eventBus"}}
{"__type":"$$EventMessageNode","id":"4bfdbcf7-091e-4352-8dc5-5305ea0dd656","ts":"2025-08-28T09:35:23.337+00:00","eventName":"n8n.node.finished","message":"n8n.node.finished","payload":{"workflowId":"vOtiqtDy549BZTW6","workflowName":"GmailToSheets","executionId":"742","nodeType":"n8n-nodes-base.manualTrigger","nodeName":"When clicking ‘Execute workflow’","nodeId":"ffb1d4e4-d667-4c92-8c37-d2c860111277"}}
{"__type":"$$EventMessageConfirm","confirm":"4bfdbcf7-091e-4352-8dc5-5305ea0dd656","ts":"2025-08-28T09:35:23.337+00:00","source":{"id":"0","name":"eventBus"}}
{"__type":"$$EventMessageWorkflow","id":"00e26bcb-0449-4c62-9c43-4277c34b8794","ts":"2025-08-28T09:35:23.339+00:00","eventName":"n8n.workflow.success","message":"n8n.workflow.success","payload":{"userId":"8f719475-e455-41e2-af6c-29e41158f91f","executionId":"742","success":true,"isManual":true,"workflowId":"vOtiqtDy549BZTW6","workflowName":"GmailToSheets"}}
{"__type":"$$EventMessageConfirm","confirm":"00e26bcb-0449-4c62-9c43-4277c34b8794","ts":"2025-08-28T09:35:23.340+00:00","source":{"id":"0","name":"eventBus"}}
{"__type":"$$EventMessageWorkflow","id":"2d3c977b-baf3-4e31-8861-a792a14dd820","ts":"2025-08-28T09:35:50.055+00:00","eventName":"n8n.workflow.started","message":"n8n.workflow.started","payload":{"executionId":"743","workflowId":"vOtiqtDy549BZTW6","isManual":false,"workflowName":"GmailToSheets"}}
{"__type":"$$EventMessageConfirm","confirm":"2d3c977b-baf3-4e31-8861-a792a14dd820","ts":"2025-08-28T09:35:50.055+00:00","source":{"id":"0","name":"eventBus"}}
{"__type":"$$EventMessageNode","id":"7a8a65c6-7a66-41b3-b073-597dc8d387e7","ts":"2025-08-28T09:35:50.055+00:00","eventName":"n8n.node.started","message":"n8n.node.started","payload":{"workflowId":"vOtiqtDy549BZTW6","workflowName":"GmailToSheets","executionId":"743","nodeType":"n8n-nodes-base.gmail","nodeName":"Get many messages","nodeId":"1809e6c2-e91a-4f6b-86b5-dbf0041bfc6d"}}
{"__type":"$$EventMessageConfirm","confirm":"7a8a65c6-7a66-41b3-b073-597dc8d387e7","ts":"2025-08-28T09:35:50.055+00:00","source":{"id":"0","name":"eventBus"}}
{"__type":"$$EventMessageNode","id":"5e433814-f8d1-4be0-8d30-d66fdc839528","ts":"2025-08-28T09:35:50.542+00:00","eventName":"n8n.node.finished","message":"n8n.node.finished","payload":{"workflowId":"vOtiqtDy549BZTW6","workflowName":"GmailToSheets","executionId":"743","nodeType":"n8n-nodes-base.gmail","nodeName":"Get many messages","nodeId":"1809e6c2-e91a-4f6b-86b5-dbf0041bfc6d"}}
{"__type":"$$EventMessageConfirm","confirm":"5e433814-f8d1-4be0-8d30-d66fdc839528","ts":"2025-08-28T09:35:50.542+00:00","source":{"id":"0","name":"eventBus"}}
{"__type":"$$EventMessageWorkflow","id":"03ab3bcc-f22a-4d43-882f-af7d7a18ddfa","ts":"2025-08-28T09:35:50.548+00:00","eventName":"n8n.workflow.failed","message":"n8n.workflow.failed","payload":{"userId":"8f719475-e455-41e2-af6c-29e41158f91f","executionId":"743","success":false,"isManual":true,"workflowId":"vOtiqtDy549BZTW6","workflowName":"GmailToSheets","lastNodeExecuted":"Get many messages","errorNodeType":"n8n-nodes-base.gmail","errorMessage":"Forbidden - perhaps check your credentials? (item 0)"}}
{"__type":"$$EventMessageConfirm","confirm":"03ab3bcc-f22a-4d43-882f-af7d7a18ddfa","ts":"2025-08-28T09:35:50.548+00:00","source":{"id":"0","name":"eventBus"}}
{"__type":"$$EventMessageWorkflow","id":"9666b082-05b0-4a38-8263-4804038f0c16","ts":"2025-08-28T09:44:09.713+00:00","eventName":"n8n.workflow.started","message":"n8n.workflow.started","payload":{"executionId":"744","workflowId":"vOtiqtDy549BZTW6","isManual":false,"workflowName":"GmailToSheets"}}
{"__type":"$$EventMessageConfirm","confirm":"9666b082-05b0-4a38-8263-4804038f0c16","ts":"2025-08-28T09:44:09.713+00:00","source":{"id":"0","name":"eventBus"}}
{"__type":"$$EventMessageNode","id":"4708cc67-d651-4cb5-9524-6f410f7a9108","ts":"2025-08-28T09:44:09.715+00:00","eventName":"n8n.node.started","message":"n8n.node.started","payload":{"workflowId":"vOtiqtDy549BZTW6","workflowName":"GmailToSheets","executionId":"744","nodeType":"n8n-nodes-base.gmail","nodeName":"Get many messages","nodeId":"1809e6c2-e91a-4f6b-86b5-dbf0041bfc6d"}}
{"__type":"$$EventMessageConfirm","confirm":"4708cc67-d651-4cb5-9524-6f410f7a9108","ts":"2025-08-28T09:44:09.715+00:00","source":{"id":"0","name":"eventBus"}}
{"__type":"$$EventMessageNode","id":"f70784e8-d14b-4462-8c73-01bdbd73bb45","ts":"2025-08-28T09:44:10.220+00:00","eventName":"n8n.node.finished","message":"n8n.node.finished","payload":{"workflowId":"vOtiqtDy549BZTW6","workflowName":"GmailToSheets","executionId":"744","nodeType":"n8n-nodes-base.gmail","nodeName":"Get many messages","nodeId":"1809e6c2-e91a-4f6b-86b5-dbf0041bfc6d"}}
{"__type":"$$EventMessageConfirm","confirm":"f70784e8-d14b-4462-8c73-01bdbd73bb45","ts":"2025-08-28T09:44:10.220+00:00","source":{"id":"0","name":"eventBus"}}
{"__type":"$$EventMessageWorkflow","id":"198e3986-81ff-4ba5-b9d9-d5864de97ecd","ts":"2025-08-28T09:44:10.226+00:00","eventName":"n8n.workflow.failed","message":"n8n.workflow.failed","payload":{"userId":"8f719475-e455-41e2-af6c-29e41158f91f","executionId":"744","success":false,"isManual":true,"workflowId":"vOtiqtDy549BZTW6","workflowName":"GmailToSheets","lastNodeExecuted":"Get many messages","errorNodeType":"n8n-nodes-base.gmail","errorMessage":"Forbidden - perhaps check your credentials? (item 0)"}}
{"__type":"$$EventMessageConfirm","confirm":"198e3986-81ff-4ba5-b9d9-d5864de97ecd","ts":"2025-08-28T09:44:10.226+00:00","source":{"id":"0","name":"eventBus"}}
{"__type":"$$EventMessageAudit","id":"e0d58ea6-5349-4648-9ae7-c2eccccf320b","ts":"2025-08-28T09:44:33.213+00:00","eventName":"n8n.audit.user.credentials.updated","message":"n8n.audit.user.credentials.updated","payload":{"userId":"8f719475-e455-41e2-af6c-29e41158f91f","_email":"ayeshaareej222@gmail.com","_firstName":"Ayesha ","_lastName":"Areej","globalRole":"global:owner","credentialType":"gmailOAuth2","credentialId":"gFtRSxVZ4FGFeOJ5"}}
{"__type":"$$EventMessageConfirm","confirm":"e0d58ea6-5349-4648-9ae7-c2eccccf320b","ts":"2025-08-28T09:44:33.213+00:00","source":{"id":"0","name":"eventBus"}}
{"__type":"$$EventMessageAudit","id":"3d6b854e-6e8f-4d27-877e-b84c03c93716","ts":"2025-08-28T09:44:59.485+00:00","eventName":"n8n.audit.user.credentials.updated","message":"n8n.audit.user.credentials.updated","payload":{"userId":"8f719475-e455-41e2-af6c-29e41158f91f","_email":"ayeshaareej222@gmail.com","_firstName":"Ayesha ","_lastName":"Areej","globalRole":"global:owner","credentialType":"gmailOAuth2","credentialId":"gFtRSxVZ4FGFeOJ5"}}
{"__type":"$$EventMessageConfirm","confirm":"3d6b854e-6e8f-4d27-877e-b84c03c93716","ts":"2025-08-28T09:44:59.485+00:00","source":{"id":"0","name":"eventBus"}}
{"__type":"$$EventMessageAudit","id":"6d3ea006-b801-4e5c-bd49-644d6458f505","ts":"2025-08-28T09:45:29.891+00:00","eventName":"n8n.audit.user.credentials.updated","message":"n8n.audit.user.credentials.updated","payload":{"userId":"8f719475-e455-41e2-af6c-29e41158f91f","_email":"ayeshaareej222@gmail.com","_firstName":"Ayesha ","_lastName":"Areej","globalRole":"global:owner","credentialType":"gmailOAuth2","credentialId":"gFtRSxVZ4FGFeOJ5"}}
{"__type":"$$EventMessageConfirm","confirm":"6d3ea006-b801-4e5c-bd49-644d6458f505","ts":"2025-08-28T09:45:29.891+00:00","source":{"id":"0","name":"eventBus"}}
{"__type":"$$EventMessageAudit","id":"3feaa400-d3d3-4142-987a-b7e2a2345b77","ts":"2025-08-28T09:45:43.927+00:00","eventName":"n8n.audit.user.credentials.updated","message":"n8n.audit.user.credentials.updated","payload":{"userId":"8f719475-e455-41e2-af6c-29e41158f91f","_email":"ayeshaareej222@gmail.com","_firstName":"Ayesha ","_lastName":"Areej","globalRole":"global:owner","credentialType":"gmailOAuth2","credentialId":"gFtRSxVZ4FGFeOJ5"}}
{"__type":"$$EventMessageConfirm","confirm":"3feaa400-d3d3-4142-987a-b7e2a2345b77","ts":"2025-08-28T09:45:43.927+00:00","source":{"id":"0","name":"eventBus"}}
{"__type":"$$EventMessageAudit","id":"3d564805-7fd9-41b9-b19c-1897363910d5","ts":"2025-08-28T09:45:48.369+00:00","eventName":"n8n.audit.workflow.updated","message":"n8n.audit.workflow.updated","payload":{"userId":"8f719475-e455-41e2-af6c-29e41158f91f","_email":"ayeshaareej222@gmail.com","_firstName":"Ayesha ","_lastName":"Areej","globalRole":"global:owner","workflowId":"vOtiqtDy549BZTW6","workflowName":"GmailToSheets"}}
{"__type":"$$EventMessageConfirm","confirm":"3d564805-7fd9-41b9-b19c-1897363910d5","ts":"2025-08-28T09:45:48.370+00:00","source":{"id":"0","name":"eventBus"}}
{"__type":"$$EventMessageWorkflow","id":"4d253c84-ab07-4f9f-bdac-365d8c68beea","ts":"2025-08-28T09:45:52.747+00:00","eventName":"n8n.workflow.started","message":"n8n.workflow.started","payload":{"executionId":"745","workflowId":"vOtiqtDy549BZTW6","isManual":false,"workflowName":"GmailToSheets"}}
{"__type":"$$EventMessageConfirm","confirm":"4d253c84-ab07-4f9f-bdac-365d8c68beea","ts":"2025-08-28T09:45:52.747+00:00","source":{"id":"0","name":"eventBus"}}
{"__type":"$$EventMessageNode","id":"4676b467-ea45-41d6-9e02-52ebca158418","ts":"2025-08-28T09:45:52.748+00:00","eventName":"n8n.node.started","message":"n8n.node.started","payload":{"workflowId":"vOtiqtDy549BZTW6","workflowName":"GmailToSheets","executionId":"745","nodeType":"n8n-nodes-base.gmail","nodeName":"Get many messages","nodeId":"1809e6c2-e91a-4f6b-86b5-dbf0041bfc6d"}}
{"__type":"$$EventMessageConfirm","confirm":"4676b467-ea45-41d6-9e02-52ebca158418","ts":"2025-08-28T09:45:52.748+00:00","source":{"id":"0","name":"eventBus"}}
{"__type":"$$EventMessageNode","id":"ddd3b16f-7a97-4592-81a6-1826974ac14c","ts":"2025-08-28T09:46:19.188+00:00","eventName":"n8n.node.finished","message":"n8n.node.finished","payload":{"workflowId":"vOtiqtDy549BZTW6","workflowName":"GmailToSheets","executionId":"745","nodeType":"n8n-nodes-base.gmail","nodeName":"Get many messages","nodeId":"1809e6c2-e91a-4f6b-86b5-dbf0041bfc6d"}}
{"__type":"$$EventMessageConfirm","confirm":"ddd3b16f-7a97-4592-81a6-1826974ac14c","ts":"2025-08-28T09:46:19.189+00:00","source":{"id":"0","name":"eventBus"}}
{"__type":"$$EventMessageWorkflow","id":"1145c11a-4731-42f2-af3e-5be91edc950a","ts":"2025-08-28T09:46:19.199+00:00","eventName":"n8n.workflow.success","message":"n8n.workflow.success","payload":{"userId":"8f719475-e455-41e2-af6c-29e41158f91f","executionId":"745","success":true,"isManual":true,"workflowId":"vOtiqtDy549BZTW6","workflowName":"GmailToSheets"}}
{"__type":"$$EventMessageConfirm","confirm":"1145c11a-4731-42f2-af3e-5be91edc950a","ts":"2025-08-28T09:46:19.199+00:00","source":{"id":"0","name":"eventBus"}}
{"__type":"$$EventMessageWorkflow","id":"b113f004-724f-4ffe-b2f1-6214f61da399","ts":"2025-08-28T09:46:29.968+00:00","eventName":"n8n.workflow.started","message":"n8n.workflow.started","payload":{"executionId":"746","workflowId":"vOtiqtDy549BZTW6","isManual":false,"workflowName":"GmailToSheets"}}
{"__type":"$$EventMessageConfirm","confirm":"b113f004-724f-4ffe-b2f1-6214f61da399","ts":"2025-08-28T09:46:29.968+00:00","source":{"id":"0","name":"eventBus"}}
{"__type":"$$EventMessageNode","id":"268be2b9-c3b5-44eb-b6cd-fe720ea27fd7","ts":"2025-08-28T09:46:29.970+00:00","eventName":"n8n.node.started","message":"n8n.node.started","payload":{"workflowId":"vOtiqtDy549BZTW6","workflowName":"GmailToSheets","executionId":"746","nodeType":"n8n-nodes-base.dateTime","nodeName":"Date & Time","nodeId":"1ea68af7-4635-485c-aacf-63606ba7dd71"}}
{"__type":"$$EventMessageConfirm","confirm":"268be2b9-c3b5-44eb-b6cd-fe720ea27fd7","ts":"2025-08-28T09:46:29.970+00:00","source":{"id":"0","name":"eventBus"}}
{"__type":"$$EventMessageNode","id":"bf66636c-7fae-49ef-bcb7-6010ed494c7b","ts":"2025-08-28T05:46:30.004-04:00","eventName":"n8n.node.finished","message":"n8n.node.finished","payload":{"workflowId":"vOtiqtDy549BZTW6","workflowName":"GmailToSheets","executionId":"746","nodeType":"n8n-nodes-base.dateTime","nodeName":"Date & Time","nodeId":"1ea68af7-4635-485c-aacf-63606ba7dd71"}}
{"__type":"$$EventMessageConfirm","confirm":"bf66636c-7fae-49ef-bcb7-6010ed494c7b","ts":"2025-08-28T05:46:30.004-04:00","source":{"id":"0","name":"eventBus"}}
{"__type":"$$EventMessageWorkflow","id":"51490ead-c0d8-4a8a-8059-30105437c7b4","ts":"2025-08-28T05:46:30.006-04:00","eventName":"n8n.workflow.success","message":"n8n.workflow.success","payload":{"userId":"8f719475-e455-41e2-af6c-29e41158f91f","executionId":"746","success":true,"isManual":true,"workflowId":"vOtiqtDy549BZTW6","workflowName":"GmailToSheets"}}
{"__type":"$$EventMessageConfirm","confirm":"51490ead-c0d8-4a8a-8059-30105437c7b4","ts":"2025-08-28T05:46:30.007-04:00","source":{"id":"0","name":"eventBus"}}
{"__type":"$$EventMessageWorkflow","id":"68cb782e-ab65-41e3-b863-faa787c80b75","ts":"2025-08-28T05:47:20.669-04:00","eventName":"n8n.workflow.started","message":"n8n.workflow.started","payload":{"executionId":"747","workflowId":"vOtiqtDy549BZTW6","isManual":false,"workflowName":"GmailToSheets"}}
{"__type":"$$EventMessageConfirm","confirm":"68cb782e-ab65-41e3-b863-faa787c80b75","ts":"2025-08-28T05:47:20.670-04:00","source":{"id":"0","name":"eventBus"}}
{"__type":"$$EventMessageNode","id":"8c774bea-12d6-4130-a945-986daaffbb34","ts":"2025-08-28T05:47:20.676-04:00","eventName":"n8n.node.started","message":"n8n.node.started","payload":{"workflowId":"vOtiqtDy549BZTW6","workflowName":"GmailToSheets","executionId":"747","nodeType":"n8n-nodes-base.googleSheets","nodeName":"Append row in sheet1","nodeId":"d711cfd8-daf1-44fc-a24e-78b66a171671"}}
{"__type":"$$EventMessageConfirm","confirm":"8c774bea-12d6-4130-a945-986daaffbb34","ts":"2025-08-28T05:47:20.676-04:00","source":{"id":"0","name":"eventBus"}}
{"__type":"$$EventMessageNode","id":"b31b6b0c-a618-438b-9cb5-584d0853fd8d","ts":"2025-08-28T05:47:22.258-04:00","eventName":"n8n.node.finished","message":"n8n.node.finished","payload":{"workflowId":"vOtiqtDy549BZTW6","workflowName":"GmailToSheets","executionId":"747","nodeType":"n8n-nodes-base.googleSheets","nodeName":"Append row in sheet1","nodeId":"d711cfd8-daf1-44fc-a24e-78b66a171671"}}
{"__type":"$$EventMessageConfirm","confirm":"b31b6b0c-a618-438b-9cb5-584d0853fd8d","ts":"2025-08-28T05:47:22.259-04:00","source":{"id":"0","name":"eventBus"}}
{"__type":"$$EventMessageWorkflow","id":"a1908a61-504a-4ad6-a734-64f8f7aa729e","ts":"2025-08-28T05:47:22.266-04:00","eventName":"n8n.workflow.failed","message":"n8n.workflow.failed","payload":{"userId":"8f719475-e455-41e2-af6c-29e41158f91f","executionId":"747","success":false,"isManual":true,"workflowId":"vOtiqtDy549BZTW6","workflowName":"GmailToSheets","lastNodeExecuted":"Append row in sheet1","errorNodeType":"n8n-nodes-base.googleSheets","errorMessage":"Client authentication failed (e.g., unknown client, no client authentication included, or unsupported authentication method)."}}
{"__type":"$$EventMessageConfirm","confirm":"a1908a61-504a-4ad6-a734-64f8f7aa729e","ts":"2025-08-28T05:47:22.266-04:00","source":{"id":"0","name":"eventBus"}}
{"__type":"$$EventMessageAudit","id":"c57dc750-6823-43ec-9b9c-741d40065b54","ts":"2025-08-28T05:47:56.757-04:00","eventName":"n8n.audit.user.credentials.updated","message":"n8n.audit.user.credentials.updated","payload":{"userId":"8f719475-e455-41e2-af6c-29e41158f91f","_email":"ayeshaareej222@gmail.com","_firstName":"Ayesha ","_lastName":"Areej","globalRole":"global:owner","credentialType":"googleSheetsOAuth2Api","credentialId":"3mMk6u9jbP7HAARg"}}
{"__type":"$$EventMessageConfirm","confirm":"c57dc750-6823-43ec-9b9c-741d40065b54","ts":"2025-08-28T05:47:56.759-04:00","source":{"id":"0","name":"eventBus"}}
{"__type":"$$EventMessageAudit","id":"fff27518-e3ca-4235-a0b0-f4fa72bb5d95","ts":"2025-08-28T05:48:00.693-04:00","eventName":"n8n.audit.user.credentials.updated","message":"n8n.audit.user.credentials.updated","payload":{"userId":"8f719475-e455-41e2-af6c-29e41158f91f","_email":"ayeshaareej222@gmail.com","_firstName":"Ayesha ","_lastName":"Areej","globalRole":"global:owner","credentialType":"googleSheetsOAuth2Api","credentialId":"3mMk6u9jbP7HAARg"}}
{"__type":"$$EventMessageConfirm","confirm":"fff27518-e3ca-4235-a0b0-f4fa72bb5d95","ts":"2025-08-28T05:48:00.693-04:00","source":{"id":"0","name":"eventBus"}}
{"__type":"$$EventMessageWorkflow","id":"f4780db9-25e4-4ce1-8404-6f4dd0cf785e","ts":"2025-08-28T05:48:24.179-04:00","eventName":"n8n.workflow.started","message":"n8n.workflow.started","payload":{"executionId":"748","workflowId":"vOtiqtDy549BZTW6","isManual":false,"workflowName":"GmailToSheets"}}
{"__type":"$$EventMessageConfirm","confirm":"f4780db9-25e4-4ce1-8404-6f4dd0cf785e","ts":"2025-08-28T05:48:24.180-04:00","source":{"id":"0","name":"eventBus"}}
{"__type":"$$EventMessageNode","id":"d1075fcb-0b79-46ff-961b-d9f44326feaa","ts":"2025-08-28T05:48:24.182-04:00","eventName":"n8n.node.started","message":"n8n.node.started","payload":{"workflowId":"vOtiqtDy549BZTW6","workflowName":"GmailToSheets","executionId":"748","nodeType":"n8n-nodes-base.googleSheets","nodeName":"Append row in sheet1","nodeId":"d711cfd8-daf1-44fc-a24e-78b66a171671"}}
{"__type":"$$EventMessageConfirm","confirm":"d1075fcb-0b79-46ff-961b-d9f44326feaa","ts":"2025-08-28T05:48:24.182-04:00","source":{"id":"0","name":"eventBus"}}
{"__type":"$$EventMessageNode","id":"0861c1fd-17fb-427b-b2e0-93e5d0e89a9a","ts":"2025-08-28T05:48:30.231-04:00","eventName":"n8n.node.finished","message":"n8n.node.finished","payload":{"workflowId":"vOtiqtDy549BZTW6","workflowName":"GmailToSheets","executionId":"748","nodeType":"n8n-nodes-base.googleSheets","nodeName":"Append row in sheet1","nodeId":"d711cfd8-daf1-44fc-a24e-78b66a171671"}}
{"__type":"$$EventMessageConfirm","confirm":"0861c1fd-17fb-427b-b2e0-93e5d0e89a9a","ts":"2025-08-28T05:48:30.231-04:00","source":{"id":"0","name":"eventBus"}}
{"__type":"$$EventMessageWorkflow","id":"b3fbe5d1-71d6-41eb-a7c2-dadabf94727c","ts":"2025-08-28T05:48:30.235-04:00","eventName":"n8n.workflow.success","message":"n8n.workflow.success","payload":{"userId":"8f719475-e455-41e2-af6c-29e41158f91f","executionId":"748","success":true,"isManual":true,"workflowId":"vOtiqtDy549BZTW6","workflowName":"GmailToSheets"}}
{"__type":"$$EventMessageConfirm","confirm":"b3fbe5d1-71d6-41eb-a7c2-dadabf94727c","ts":"2025-08-28T05:48:30.236-04:00","source":{"id":"0","name":"eventBus"}}
{"__type":"$$EventMessageAudit","id":"612ad125-ff7a-4ba9-91ac-7d92f2fb4084","ts":"2025-08-28T05:57:06.588-04:00","eventName":"n8n.audit.workflow.updated","message":"n8n.audit.workflow.updated","payload":{"userId":"8f719475-e455-41e2-af6c-29e41158f91f","_email":"ayeshaareej222@gmail.com","_firstName":"Ayesha ","_lastName":"Areej","globalRole":"global:owner","workflowId":"vOtiqtDy549BZTW6","workflowName":"GmailToSheets"}}
{"__type":"$$EventMessageConfirm","confirm":"612ad125-ff7a-4ba9-91ac-7d92f2fb4084","ts":"2025-08-28T05:57:06.588-04:00","source":{"id":"0","name":"eventBus"}}
{"__type":"$$EventMessageWorkflow","id":"5f9c8e2f-122d-403d-8435-c3af97502052","ts":"2025-08-28T05:57:27.374-04:00","eventName":"n8n.workflow.started","message":"n8n.workflow.started","payload":{"executionId":"749","workflowId":"Sl6MjMNJMr3brUgc","isManual":false,"workflowName":"SheetsToSlackAutomation"}}
{"__type":"$$EventMessageConfirm","confirm":"5f9c8e2f-122d-403d-8435-c3af97502052","ts":"2025-08-28T05:57:27.374-04:00","source":{"id":"0","name":"eventBus"}}
{"__type":"$$EventMessageNode","id":"550fd5a7-440f-4bfe-b801-3c77a4ef24ec","ts":"2025-08-28T05:57:27.376-04:00","eventName":"n8n.node.started","message":"n8n.node.started","payload":{"workflowId":"Sl6MjMNJMr3brUgc","workflowName":"SheetsToSlackAutomation","executionId":"749","nodeType":"n8n-nodes-base.scheduleTrigger","nodeName":"Schedule Trigger","nodeId":"34997f1a-0e2d-4e03-a982-780a9bed64fa"}}
{"__type":"$$EventMessageConfirm","confirm":"550fd5a7-440f-4bfe-b801-3c77a4ef24ec","ts":"2025-08-28T05:57:27.376-04:00","source":{"id":"0","name":"eventBus"}}
{"__type":"$$EventMessageNode","id":"b4e55928-1e54-4cee-b29b-1562855c7532","ts":"2025-08-28T05:57:27.395-04:00","eventName":"n8n.node.finished","message":"n8n.node.finished","payload":{"workflowId":"Sl6MjMNJMr3brUgc","workflowName":"SheetsToSlackAutomation","executionId":"749","nodeType":"n8n-nodes-base.scheduleTrigger","nodeName":"Schedule Trigger","nodeId":"34997f1a-0e2d-4e03-a982-780a9bed64fa"}}
{"__type":"$$EventMessageConfirm","confirm":"b4e55928-1e54-4cee-b29b-1562855c7532","ts":"2025-08-28T05:57:27.395-04:00","source":{"id":"0","name":"eventBus"}}
{"__type":"$$EventMessageNode","id":"b49bb7d7-ea00-4baa-b19d-d66ba239aecd","ts":"2025-08-28T05:57:27.395-04:00","eventName":"n8n.node.started","message":"n8n.node.started","payload":{"workflowId":"Sl6MjMNJMr3brUgc","workflowName":"SheetsToSlackAutomation","executionId":"749","nodeType":"n8n-nodes-base.googleSheets","nodeName":"Get row(s) in sheet","nodeId":"c9a8a910-db46-4fd0-b911-a58477db8777"}}
{"__type":"$$EventMessageConfirm","confirm":"b49bb7d7-ea00-4baa-b19d-d66ba239aecd","ts":"2025-08-28T05:57:27.395-04:00","source":{"id":"0","name":"eventBus"}}
{"__type":"$$EventMessageNode","id":"71e3139c-9d34-4f7b-9bce-fa53934184ca","ts":"2025-08-28T05:57:29.750-04:00","eventName":"n8n.node.finished","message":"n8n.node.finished","payload":{"workflowId":"Sl6MjMNJMr3brUgc","workflowName":"SheetsToSlackAutomation","executionId":"749","nodeType":"n8n-nodes-base.googleSheets","nodeName":"Get row(s) in sheet","nodeId":"c9a8a910-db46-4fd0-b911-a58477db8777"}}
{"__type":"$$EventMessageConfirm","confirm":"71e3139c-9d34-4f7b-9bce-fa53934184ca","ts":"2025-08-28T05:57:29.751-04:00","source":{"id":"0","name":"eventBus"}}
{"__type":"$$EventMessageNode","id":"d44e27ae-9bc5-45c2-aff0-7a95529418e5","ts":"2025-08-28T05:57:29.752-04:00","eventName":"n8n.node.started","message":"n8n.node.started","payload":{"workflowId":"Sl6MjMNJMr3brUgc","workflowName":"SheetsToSlackAutomation","executionId":"749","nodeType":"n8n-nodes-base.set","nodeName":"Edit Fields","nodeId":"f7be51c8-de0d-4c9c-b368-9ff37b42649b"}}
{"__type":"$$EventMessageConfirm","confirm":"d44e27ae-9bc5-45c2-aff0-7a95529418e5","ts":"2025-08-28T05:57:29.752-04:00","source":{"id":"0","name":"eventBus"}}
{"__type":"$$EventMessageNode","id":"3b3ec6fd-995a-4d45-8392-2748f9ba6065","ts":"2025-08-28T05:57:29.804-04:00","eventName":"n8n.node.finished","message":"n8n.node.finished","payload":{"workflowId":"Sl6MjMNJMr3brUgc","workflowName":"SheetsToSlackAutomation","executionId":"749","nodeType":"n8n-nodes-base.set","nodeName":"Edit Fields","nodeId":"f7be51c8-de0d-4c9c-b368-9ff37b42649b"}}
{"__type":"$$EventMessageConfirm","confirm":"3b3ec6fd-995a-4d45-8392-2748f9ba6065","ts":"2025-08-28T05:57:29.804-04:00","source":{"id":"0","name":"eventBus"}}
{"__type":"$$EventMessageNode","id":"9442fbd1-adb0-4dee-a3cb-af3c7b154fd0","ts":"2025-08-28T05:57:29.804-04:00","eventName":"n8n.node.started","message":"n8n.node.started","payload":{"workflowId":"Sl6MjMNJMr3brUgc","workflowName":"SheetsToSlackAutomation","executionId":"749","nodeType":"n8n-nodes-base.filter","nodeName":"Filter","nodeId":"39b7571f-3b8c-4099-8ecf-3de72a1a3afe"}}
{"__type":"$$EventMessageConfirm","confirm":"9442fbd1-adb0-4dee-a3cb-af3c7b154fd0","ts":"2025-08-28T05:57:29.804-04:00","source":{"id":"0","name":"eventBus"}}
{"__type":"$$EventMessageNode","id":"dc07d46b-8b02-41ec-a00f-72db762c2c56","ts":"2025-08-28T05:57:29.809-04:00","eventName":"n8n.node.finished","message":"n8n.node.finished","payload":{"workflowId":"Sl6MjMNJMr3brUgc","workflowName":"SheetsToSlackAutomation","executionId":"749","nodeType":"n8n-nodes-base.filter","nodeName":"Filter","nodeId":"39b7571f-3b8c-4099-8ecf-3de72a1a3afe"}}
{"__type":"$$EventMessageConfirm","confirm":"dc07d46b-8b02-41ec-a00f-72db762c2c56","ts":"2025-08-28T05:57:29.810-04:00","source":{"id":"0","name":"eventBus"}}
{"__type":"$$EventMessageNode","id":"25a2ce0e-0494-447f-b7ab-04b536606d51","ts":"2025-08-28T05:57:29.810-04:00","eventName":"n8n.node.started","message":"n8n.node.started","payload":{"workflowId":"Sl6MjMNJMr3brUgc","workflowName":"SheetsToSlackAutomation","executionId":"749","nodeType":"n8n-nodes-base.if","nodeName":"If","nodeId":"fea49c18-ea3a-4f5a-8b9e-54fdb2dc2d9a"}}
{"__type":"$$EventMessageConfirm","confirm":"25a2ce0e-0494-447f-b7ab-04b536606d51","ts":"2025-08-28T05:57:29.810-04:00","source":{"id":"0","name":"eventBus"}}
{"__type":"$$EventMessageNode","id":"787d8f91-c072-4142-a4b3-52c70d8d689f","ts":"2025-08-28T05:57:29.819-04:00","eventName":"n8n.node.finished","message":"n8n.node.finished","payload":{"workflowId":"Sl6MjMNJMr3brUgc","workflowName":"SheetsToSlackAutomation","executionId":"749","nodeType":"n8n-nodes-base.if","nodeName":"If","nodeId":"fea49c18-ea3a-4f5a-8b9e-54fdb2dc2d9a"}}
{"__type":"$$EventMessageConfirm","confirm":"787d8f91-c072-4142-a4b3-52c70d8d689f","ts":"2025-08-28T05:57:29.819-04:00","source":{"id":"0","name":"eventBus"}}
{"__type":"$$EventMessageNode","id":"8a00948b-4ad4-4668-9e39-4bd74cb96123","ts":"2025-08-28T05:57:29.820-04:00","eventName":"n8n.node.started","message":"n8n.node.started","payload":{"workflowId":"Sl6MjMNJMr3brUgc","workflowName":"SheetsToSlackAutomation","executionId":"749","nodeType":"n8n-nodes-base.aggregate","nodeName":"Aggregate","nodeId":"08478819-4c43-4d61-a604-92426d3bd51e"}}
{"__type":"$$EventMessageConfirm","confirm":"8a00948b-4ad4-4668-9e39-4bd74cb96123","ts":"2025-08-28T05:57:29.820-04:00","source":{"id":"0","name":"eventBus"}}
{"__type":"$$EventMessageNode","id":"b148abbe-c0e4-497d-9127-201d6944696d","ts":"2025-08-28T05:57:29.821-04:00","eventName":"n8n.node.finished","message":"n8n.node.finished","payload":{"workflowId":"Sl6MjMNJMr3brUgc","workflowName":"SheetsToSlackAutomation","executionId":"749","nodeType":"n8n-nodes-base.aggregate","nodeName":"Aggregate","nodeId":"08478819-4c43-4d61-a604-92426d3bd51e"}}
{"__type":"$$EventMessageConfirm","confirm":"b148abbe-c0e4-497d-9127-201d6944696d","ts":"2025-08-28T05:57:29.821-04:00","source":{"id":"0","name":"eventBus"}}
{"__type":"$$EventMessageNode","id":"d690a13e-de9a-48ed-ab66-b363078aa35f","ts":"2025-08-28T05:57:29.821-04:00","eventName":"n8n.node.started","message":"n8n.node.started","payload":{"workflowId":"Sl6MjMNJMr3brUgc","workflowName":"SheetsToSlackAutomation","executionId":"749","nodeType":"n8n-nodes-base.code","nodeName":"Code","nodeId":"ac696eb7-0cc0-401c-b44a-3ce67a42e63c"}}
{"__type":"$$EventMessageConfirm","confirm":"d690a13e-de9a-48ed-ab66-b363078aa35f","ts":"2025-08-28T05:57:29.821-04:00","source":{"id":"0","name":"eventBus"}}
{"__type":"$$EventMessageNode","id":"a0bc3a87-d0c5-4425-91fa-21a3da612dd1","ts":"2025-08-28T05:57:29.834-04:00","eventName":"n8n.node.finished","message":"n8n.node.finished","payload":{"workflowId":"Sl6MjMNJMr3brUgc","workflowName":"SheetsToSlackAutomation","executionId":"749","nodeType":"n8n-nodes-base.code","nodeName":"Code","nodeId":"ac696eb7-0cc0-401c-b44a-3ce67a42e63c"}}
{"__type":"$$EventMessageConfirm","confirm":"a0bc3a87-d0c5-4425-91fa-21a3da612dd1","ts":"2025-08-28T05:57:29.834-04:00","source":{"id":"0","name":"eventBus"}}
{"__type":"$$EventMessageNode","id":"425aeb90-01ad-4a85-ad7c-9180875d15a1","ts":"2025-08-28T05:57:29.835-04:00","eventName":"n8n.node.started","message":"n8n.node.started","payload":{"workflowId":"Sl6MjMNJMr3brUgc","workflowName":"SheetsToSlackAutomation","executionId":"749","nodeType":"n8n-nodes-base.slack","nodeName":"Send a message","nodeId":"5f6e18eb-371f-4beb-afe6-3582f7c84d80"}}
{"__type":"$$EventMessageConfirm","confirm":"425aeb90-01ad-4a85-ad7c-9180875d15a1","ts":"2025-08-28T05:57:29.835-04:00","source":{"id":"0","name":"eventBus"}}
{"__type":"$$EventMessageNode","id":"71f22c81-dc1a-4e2b-bfc5-b75a45636d54","ts":"2025-08-28T05:57:30.877-04:00","eventName":"n8n.node.finished","message":"n8n.node.finished","payload":{"workflowId":"Sl6MjMNJMr3brUgc","workflowName":"SheetsToSlackAutomation","executionId":"749","nodeType":"n8n-nodes-base.slack","nodeName":"Send a message","nodeId":"5f6e18eb-371f-4beb-afe6-3582f7c84d80"}}
{"__type":"$$EventMessageConfirm","confirm":"71f22c81-dc1a-4e2b-bfc5-b75a45636d54","ts":"2025-08-28T05:57:30.877-04:00","source":{"id":"0","name":"eventBus"}}
{"__type":"$$EventMessageNode","id":"a30d1a04-361c-41f4-b2a0-c4564cc40b09","ts":"2025-08-28T05:57:30.878-04:00","eventName":"n8n.node.started","message":"n8n.node.started","payload":{"workflowId":"Sl6MjMNJMr3brUgc","workflowName":"SheetsToSlackAutomation","executionId":"749","nodeType":"n8n-nodes-base.noOp","nodeName":"No Operation, do nothing","nodeId":"79043f53-ba78-43d0-ac72-8ca9e1bc24a3"}}
{"__type":"$$EventMessageConfirm","confirm":"a30d1a04-361c-41f4-b2a0-c4564cc40b09","ts":"2025-08-28T05:57:30.879-04:00","source":{"id":"0","name":"eventBus"}}
{"__type":"$$EventMessageNode","id":"2cb41004-6ea7-4646-93cb-39bbe1973060","ts":"2025-08-28T05:57:30.880-04:00","eventName":"n8n.node.finished","message":"n8n.node.finished","payload":{"workflowId":"Sl6MjMNJMr3brUgc","workflowName":"SheetsToSlackAutomation","executionId":"749","nodeType":"n8n-nodes-base.noOp","nodeName":"No Operation, do nothing","nodeId":"79043f53-ba78-43d0-ac72-8ca9e1bc24a3"}}
{"__type":"$$EventMessageConfirm","confirm":"2cb41004-6ea7-4646-93cb-39bbe1973060","ts":"2025-08-28T05:57:30.880-04:00","source":{"id":"0","name":"eventBus"}}
{"__type":"$$EventMessageWorkflow","id":"4959c3ab-a87f-4453-ab6f-de7237ee3c61","ts":"2025-08-28T05:57:30.886-04:00","eventName":"n8n.workflow.success","message":"n8n.workflow.success","payload":{"userId":"8f719475-e455-41e2-af6c-29e41158f91f","executionId":"749","success":true,"isManual":true,"workflowId":"Sl6MjMNJMr3brUgc","workflowName":"SheetsToSlackAutomation"}}
{"__type":"$$EventMessageConfirm","confirm":"4959c3ab-a87f-4453-ab6f-de7237ee3c61","ts":"2025-08-28T05:57:30.886-04:00","source":{"id":"0","name":"eventBus"}}
