{"__type":"$$EventMessageWorkflow","id":"87d7a06e-b7c0-472e-b4d2-14ca1a1dea03","ts":"2025-08-28T15:13:06.901+00:00","eventName":"n8n.workflow.started","message":"n8n.workflow.started","payload":{"executionId":"758","workflowId":"V8Qu7gLwwZ57mtdu","isManual":false,"workflowName":"ErrorHandlingAndSubWorkFlowConsumer"}}
{"__type":"$$EventMessageConfirm","confirm":"87d7a06e-b7c0-472e-b4d2-14ca1a1dea03","ts":"2025-08-28T15:13:06.901+00:00","source":{"id":"0","name":"eventBus"}}
{"__type":"$$EventMessageNode","id":"84a86466-55bc-4374-a138-c52341170e4c","ts":"2025-08-28T15:13:06.903+00:00","eventName":"n8n.node.started","message":"n8n.node.started","payload":{"workflowId":"V8Qu7gLwwZ57mtdu","workflowName":"ErrorHandlingAndSubWorkFlowConsumer","executionId":"758","nodeType":"n8n-nodes-base.webhook","nodeName":"Webhook","nodeId":"e16d044d-3b88-4698-8165-cd3d92db67f0"}}
{"__type":"$$EventMessageConfirm","confirm":"84a86466-55bc-4374-a138-c52341170e4c","ts":"2025-08-28T15:13:06.903+00:00","source":{"id":"0","name":"eventBus"}}
{"__type":"$$EventMessageNode","id":"47ac42b4-4c6b-4b32-af23-fe0225ea8114","ts":"2025-08-28T15:13:06.904+00:00","eventName":"n8n.node.finished","message":"n8n.node.finished","payload":{"workflowId":"V8Qu7gLwwZ57mtdu","workflowName":"ErrorHandlingAndSubWorkFlowConsumer","executionId":"758","nodeType":"n8n-nodes-base.webhook","nodeName":"Webhook","nodeId":"e16d044d-3b88-4698-8165-cd3d92db67f0"}}
{"__type":"$$EventMessageConfirm","confirm":"47ac42b4-4c6b-4b32-af23-fe0225ea8114","ts":"2025-08-28T15:13:06.904+00:00","source":{"id":"0","name":"eventBus"}}
{"__type":"$$EventMessageNode","id":"079f7f02-75bb-49e9-9fbb-b771dff1382f","ts":"2025-08-28T15:13:06.904+00:00","eventName":"n8n.node.started","message":"n8n.node.started","payload":{"workflowId":"V8Qu7gLwwZ57mtdu","workflowName":"ErrorHandlingAndSubWorkFlowConsumer","executionId":"758","nodeType":"n8n-nodes-base.executeWorkflow","nodeName":"SubWorkFlow for valid email?","nodeId":"cf91e2c5-6bf8-494c-9e75-140ecff56cc1"}}
{"__type":"$$EventMessageConfirm","confirm":"079f7f02-75bb-49e9-9fbb-b771dff1382f","ts":"2025-08-28T15:13:06.904+00:00","source":{"id":"0","name":"eventBus"}}
{"__type":"$$EventMessageWorkflow","id":"cbf107ca-98c6-4bd3-ace4-620005c8353a","ts":"2025-08-28T11:13:06.944-04:00","eventName":"n8n.workflow.started","message":"n8n.workflow.started","payload":{"executionId":"759","workflowId":"mLiIoNeqM3gomvo8","isManual":false,"workflowName":"SubworkFlowForValidEmailCheck"}}
{"__type":"$$EventMessageConfirm","confirm":"cbf107ca-98c6-4bd3-ace4-620005c8353a","ts":"2025-08-28T11:13:06.945-04:00","source":{"id":"0","name":"eventBus"}}
{"__type":"$$EventMessageNode","id":"132ba493-9540-4b04-97fd-b75d00b30be9","ts":"2025-08-28T11:13:06.945-04:00","eventName":"n8n.node.started","message":"n8n.node.started","payload":{"workflowId":"mLiIoNeqM3gomvo8","workflowName":"SubworkFlowForValidEmailCheck","executionId":"759","nodeType":"n8n-nodes-base.executeWorkflowTrigger","nodeName":"When Executed by Another Workflow","nodeId":"da3686b0-261e-48e2-9152-3042373fdafd"}}
{"__type":"$$EventMessageConfirm","confirm":"132ba493-9540-4b04-97fd-b75d00b30be9","ts":"2025-08-28T11:13:06.945-04:00","source":{"id":"0","name":"eventBus"}}
{"__type":"$$EventMessageNode","id":"18a28c7e-1206-4163-a64e-165386d36ee7","ts":"2025-08-28T11:13:06.945-04:00","eventName":"n8n.node.finished","message":"n8n.node.finished","payload":{"workflowId":"mLiIoNeqM3gomvo8","workflowName":"SubworkFlowForValidEmailCheck","executionId":"759","nodeType":"n8n-nodes-base.executeWorkflowTrigger","nodeName":"When Executed by Another Workflow","nodeId":"da3686b0-261e-48e2-9152-3042373fdafd"}}
{"__type":"$$EventMessageConfirm","confirm":"18a28c7e-1206-4163-a64e-165386d36ee7","ts":"2025-08-28T11:13:06.945-04:00","source":{"id":"0","name":"eventBus"}}
{"__type":"$$EventMessageNode","id":"778bba18-fe28-474c-8f95-27cb6e661ed5","ts":"2025-08-28T11:13:06.945-04:00","eventName":"n8n.node.started","message":"n8n.node.started","payload":{"workflowId":"mLiIoNeqM3gomvo8","workflowName":"SubworkFlowForValidEmailCheck","executionId":"759","nodeType":"n8n-nodes-base.if","nodeName":"Email valid?","nodeId":"d7dd3e59-76ce-4fbb-9606-fbaba6dcd8c2"}}
{"__type":"$$EventMessageConfirm","confirm":"778bba18-fe28-474c-8f95-27cb6e661ed5","ts":"2025-08-28T11:13:06.945-04:00","source":{"id":"0","name":"eventBus"}}
{"__type":"$$EventMessageNode","id":"ef5cc4ff-2933-4534-aa14-956e70463e84","ts":"2025-08-28T11:13:06.964-04:00","eventName":"n8n.node.finished","message":"n8n.node.finished","payload":{"workflowId":"mLiIoNeqM3gomvo8","workflowName":"SubworkFlowForValidEmailCheck","executionId":"759","nodeType":"n8n-nodes-base.if","nodeName":"Email valid?","nodeId":"d7dd3e59-76ce-4fbb-9606-fbaba6dcd8c2"}}
{"__type":"$$EventMessageConfirm","confirm":"ef5cc4ff-2933-4534-aa14-956e70463e84","ts":"2025-08-28T11:13:06.964-04:00","source":{"id":"0","name":"eventBus"}}
{"__type":"$$EventMessageNode","id":"6af555c0-0eea-4583-846d-7248f7fcae09","ts":"2025-08-28T11:13:06.965-04:00","eventName":"n8n.node.started","message":"n8n.node.started","payload":{"workflowId":"mLiIoNeqM3gomvo8","workflowName":"SubworkFlowForValidEmailCheck","executionId":"759","nodeType":"n8n-nodes-base.noOp","nodeName":"No Operation, do nothing","nodeId":"05728615-43f3-496b-a237-5a70243afb95"}}
{"__type":"$$EventMessageConfirm","confirm":"6af555c0-0eea-4583-846d-7248f7fcae09","ts":"2025-08-28T11:13:06.965-04:00","source":{"id":"0","name":"eventBus"}}
{"__type":"$$EventMessageNode","id":"35380c50-07ad-4958-af88-8fd5082d507f","ts":"2025-08-28T11:13:06.965-04:00","eventName":"n8n.node.finished","message":"n8n.node.finished","payload":{"workflowId":"mLiIoNeqM3gomvo8","workflowName":"SubworkFlowForValidEmailCheck","executionId":"759","nodeType":"n8n-nodes-base.noOp","nodeName":"No Operation, do nothing","nodeId":"05728615-43f3-496b-a237-5a70243afb95"}}
{"__type":"$$EventMessageConfirm","confirm":"35380c50-07ad-4958-af88-8fd5082d507f","ts":"2025-08-28T11:13:06.965-04:00","source":{"id":"0","name":"eventBus"}}
{"__type":"$$EventMessageWorkflow","id":"e8065c57-5525-4127-be92-676908033dea","ts":"2025-08-28T11:13:06.965-04:00","eventName":"n8n.workflow.success","message":"n8n.workflow.success","payload":{"userId":"8f719475-e455-41e2-af6c-29e41158f91f","executionId":"759","success":true,"isManual":false,"workflowId":"mLiIoNeqM3gomvo8","workflowName":"SubworkFlowForValidEmailCheck"}}
{"__type":"$$EventMessageConfirm","confirm":"e8065c57-5525-4127-be92-676908033dea","ts":"2025-08-28T11:13:06.966-04:00","source":{"id":"0","name":"eventBus"}}
{"__type":"$$EventMessageNode","id":"f8099804-ae7f-46e4-98f4-090e50193d5f","ts":"2025-08-28T11:13:06.974-04:00","eventName":"n8n.node.finished","message":"n8n.node.finished","payload":{"workflowId":"V8Qu7gLwwZ57mtdu","workflowName":"ErrorHandlingAndSubWorkFlowConsumer","executionId":"758","nodeType":"n8n-nodes-base.executeWorkflow","nodeName":"SubWorkFlow for valid email?","nodeId":"cf91e2c5-6bf8-494c-9e75-140ecff56cc1"}}
{"__type":"$$EventMessageConfirm","confirm":"f8099804-ae7f-46e4-98f4-090e50193d5f","ts":"2025-08-28T11:13:06.974-04:00","source":{"id":"0","name":"eventBus"}}
{"__type":"$$EventMessageNode","id":"9569d4d7-0691-4dcc-b466-dea21831d544","ts":"2025-08-28T11:13:06.974-04:00","eventName":"n8n.node.started","message":"n8n.node.started","payload":{"workflowId":"V8Qu7gLwwZ57mtdu","workflowName":"ErrorHandlingAndSubWorkFlowConsumer","executionId":"758","nodeType":"n8n-nodes-base.switch","nodeName":"Event type?","nodeId":"e6eb5105-30b7-4ead-a5f7-a404c988aacb"}}
{"__type":"$$EventMessageConfirm","confirm":"9569d4d7-0691-4dcc-b466-dea21831d544","ts":"2025-08-28T11:13:06.974-04:00","source":{"id":"0","name":"eventBus"}}
{"__type":"$$EventMessageNode","id":"02f98ef0-01cb-4a83-9d84-fdc94c8f0a60","ts":"2025-08-28T11:13:06.982-04:00","eventName":"n8n.node.finished","message":"n8n.node.finished","payload":{"workflowId":"V8Qu7gLwwZ57mtdu","workflowName":"ErrorHandlingAndSubWorkFlowConsumer","executionId":"758","nodeType":"n8n-nodes-base.switch","nodeName":"Event type?","nodeId":"e6eb5105-30b7-4ead-a5f7-a404c988aacb"}}
{"__type":"$$EventMessageConfirm","confirm":"02f98ef0-01cb-4a83-9d84-fdc94c8f0a60","ts":"2025-08-28T11:13:06.983-04:00","source":{"id":"0","name":"eventBus"}}
{"__type":"$$EventMessageNode","id":"74cfc9d3-fed0-4156-bdf1-1da50d32e8a7","ts":"2025-08-28T11:13:06.984-04:00","eventName":"n8n.node.started","message":"n8n.node.started","payload":{"workflowId":"V8Qu7gLwwZ57mtdu","workflowName":"ErrorHandlingAndSubWorkFlowConsumer","executionId":"758","nodeType":"n8n-nodes-base.slack","nodeName":"Account Created","nodeId":"dd9d9d9f-836a-4b0e-8b33-4e91811cdc57"}}
{"__type":"$$EventMessageConfirm","confirm":"74cfc9d3-fed0-4156-bdf1-1da50d32e8a7","ts":"2025-08-28T11:13:06.984-04:00","source":{"id":"0","name":"eventBus"}}
{"__type":"$$EventMessageNode","id":"a96dd552-aa06-4660-ba2b-d0b6f58bbd99","ts":"2025-08-28T11:13:07.750-04:00","eventName":"n8n.node.finished","message":"n8n.node.finished","payload":{"workflowId":"V8Qu7gLwwZ57mtdu","workflowName":"ErrorHandlingAndSubWorkFlowConsumer","executionId":"758","nodeType":"n8n-nodes-base.slack","nodeName":"Account Created","nodeId":"dd9d9d9f-836a-4b0e-8b33-4e91811cdc57"}}
{"__type":"$$EventMessageConfirm","confirm":"a96dd552-aa06-4660-ba2b-d0b6f58bbd99","ts":"2025-08-28T11:13:07.750-04:00","source":{"id":"0","name":"eventBus"}}
{"__type":"$$EventMessageWorkflow","id":"fc4c960a-95c6-4099-a8ca-aa82f029802e","ts":"2025-08-28T11:13:07.761-04:00","eventName":"n8n.workflow.success","message":"n8n.workflow.success","payload":{"userId":"8f719475-e455-41e2-af6c-29e41158f91f","executionId":"758","success":true,"isManual":true,"workflowId":"V8Qu7gLwwZ57mtdu","workflowName":"ErrorHandlingAndSubWorkFlowConsumer"}}
{"__type":"$$EventMessageConfirm","confirm":"fc4c960a-95c6-4099-a8ca-aa82f029802e","ts":"2025-08-28T11:13:07.761-04:00","source":{"id":"0","name":"eventBus"}}
{"__type":"$$EventMessageWorkflow","id":"cbdf97c1-3a22-4dd3-ac0c-a6f643705089","ts":"2025-08-28T12:23:13.508-04:00","eventName":"n8n.workflow.started","message":"n8n.workflow.started","payload":{"executionId":"760","workflowId":"V8Qu7gLwwZ57mtdu","isManual":false,"workflowName":"ErrorHandlingAndSubWorkFlowConsumer"}}
{"__type":"$$EventMessageConfirm","confirm":"cbdf97c1-3a22-4dd3-ac0c-a6f643705089","ts":"2025-08-28T12:23:13.508-04:00","source":{"id":"0","name":"eventBus"}}
{"__type":"$$EventMessageNode","id":"aff916b0-9d0f-4c8c-818a-6176d9b8d1fe","ts":"2025-08-28T12:23:13.510-04:00","eventName":"n8n.node.started","message":"n8n.node.started","payload":{"workflowId":"V8Qu7gLwwZ57mtdu","workflowName":"ErrorHandlingAndSubWorkFlowConsumer","executionId":"760","nodeType":"n8n-nodes-base.webhook","nodeName":"Webhook","nodeId":"e16d044d-3b88-4698-8165-cd3d92db67f0"}}
{"__type":"$$EventMessageConfirm","confirm":"aff916b0-9d0f-4c8c-818a-6176d9b8d1fe","ts":"2025-08-28T12:23:13.510-04:00","source":{"id":"0","name":"eventBus"}}
{"__type":"$$EventMessageNode","id":"51ee9eb1-b6bc-4dca-9cc2-61ca5e19a06d","ts":"2025-08-28T12:23:13.512-04:00","eventName":"n8n.node.finished","message":"n8n.node.finished","payload":{"workflowId":"V8Qu7gLwwZ57mtdu","workflowName":"ErrorHandlingAndSubWorkFlowConsumer","executionId":"760","nodeType":"n8n-nodes-base.webhook","nodeName":"Webhook","nodeId":"e16d044d-3b88-4698-8165-cd3d92db67f0"}}
{"__type":"$$EventMessageConfirm","confirm":"51ee9eb1-b6bc-4dca-9cc2-61ca5e19a06d","ts":"2025-08-28T12:23:13.512-04:00","source":{"id":"0","name":"eventBus"}}
{"__type":"$$EventMessageNode","id":"27ef0889-65e7-403e-889e-e8ba5ccbbf43","ts":"2025-08-28T12:23:13.513-04:00","eventName":"n8n.node.started","message":"n8n.node.started","payload":{"workflowId":"V8Qu7gLwwZ57mtdu","workflowName":"ErrorHandlingAndSubWorkFlowConsumer","executionId":"760","nodeType":"n8n-nodes-base.executeWorkflow","nodeName":"SubWorkFlow for valid email?","nodeId":"cf91e2c5-6bf8-494c-9e75-140ecff56cc1"}}
{"__type":"$$EventMessageConfirm","confirm":"27ef0889-65e7-403e-889e-e8ba5ccbbf43","ts":"2025-08-28T12:23:13.513-04:00","source":{"id":"0","name":"eventBus"}}
{"__type":"$$EventMessageWorkflow","id":"7fae7957-2158-45aa-97ad-e86fb91d2bae","ts":"2025-08-28T12:23:13.538-04:00","eventName":"n8n.workflow.started","message":"n8n.workflow.started","payload":{"executionId":"761","workflowId":"mLiIoNeqM3gomvo8","isManual":false,"workflowName":"SubworkFlowForValidEmailCheck"}}
{"__type":"$$EventMessageConfirm","confirm":"7fae7957-2158-45aa-97ad-e86fb91d2bae","ts":"2025-08-28T12:23:13.538-04:00","source":{"id":"0","name":"eventBus"}}
{"__type":"$$EventMessageNode","id":"9296eed7-1f07-48f8-86ab-de59acff7fc4","ts":"2025-08-28T12:23:13.538-04:00","eventName":"n8n.node.started","message":"n8n.node.started","payload":{"workflowId":"mLiIoNeqM3gomvo8","workflowName":"SubworkFlowForValidEmailCheck","executionId":"761","nodeType":"n8n-nodes-base.executeWorkflowTrigger","nodeName":"When Executed by Another Workflow","nodeId":"da3686b0-261e-48e2-9152-3042373fdafd"}}
{"__type":"$$EventMessageConfirm","confirm":"9296eed7-1f07-48f8-86ab-de59acff7fc4","ts":"2025-08-28T12:23:13.538-04:00","source":{"id":"0","name":"eventBus"}}
{"__type":"$$EventMessageNode","id":"e7b233ba-6311-4c0d-a76d-d140eef57b02","ts":"2025-08-28T12:23:13.538-04:00","eventName":"n8n.node.finished","message":"n8n.node.finished","payload":{"workflowId":"mLiIoNeqM3gomvo8","workflowName":"SubworkFlowForValidEmailCheck","executionId":"761","nodeType":"n8n-nodes-base.executeWorkflowTrigger","nodeName":"When Executed by Another Workflow","nodeId":"da3686b0-261e-48e2-9152-3042373fdafd"}}
{"__type":"$$EventMessageConfirm","confirm":"e7b233ba-6311-4c0d-a76d-d140eef57b02","ts":"2025-08-28T12:23:13.538-04:00","source":{"id":"0","name":"eventBus"}}
{"__type":"$$EventMessageNode","id":"73844c6b-ea97-4f07-9f34-5bd41c0a2b1a","ts":"2025-08-28T12:23:13.538-04:00","eventName":"n8n.node.started","message":"n8n.node.started","payload":{"workflowId":"mLiIoNeqM3gomvo8","workflowName":"SubworkFlowForValidEmailCheck","executionId":"761","nodeType":"n8n-nodes-base.if","nodeName":"Email valid?","nodeId":"d7dd3e59-76ce-4fbb-9606-fbaba6dcd8c2"}}
{"__type":"$$EventMessageConfirm","confirm":"73844c6b-ea97-4f07-9f34-5bd41c0a2b1a","ts":"2025-08-28T12:23:13.538-04:00","source":{"id":"0","name":"eventBus"}}
{"__type":"$$EventMessageNode","id":"c4fa4471-0f49-42d0-bdfd-9a34149fd8ec","ts":"2025-08-28T12:23:13.540-04:00","eventName":"n8n.node.finished","message":"n8n.node.finished","payload":{"workflowId":"mLiIoNeqM3gomvo8","workflowName":"SubworkFlowForValidEmailCheck","executionId":"761","nodeType":"n8n-nodes-base.if","nodeName":"Email valid?","nodeId":"d7dd3e59-76ce-4fbb-9606-fbaba6dcd8c2"}}
{"__type":"$$EventMessageConfirm","confirm":"c4fa4471-0f49-42d0-bdfd-9a34149fd8ec","ts":"2025-08-28T12:23:13.540-04:00","source":{"id":"0","name":"eventBus"}}
{"__type":"$$EventMessageNode","id":"057a23e2-d4fe-45e0-939e-fc76698e448f","ts":"2025-08-28T12:23:13.540-04:00","eventName":"n8n.node.started","message":"n8n.node.started","payload":{"workflowId":"mLiIoNeqM3gomvo8","workflowName":"SubworkFlowForValidEmailCheck","executionId":"761","nodeType":"n8n-nodes-base.noOp","nodeName":"No Operation, do nothing","nodeId":"05728615-43f3-496b-a237-5a70243afb95"}}
{"__type":"$$EventMessageConfirm","confirm":"057a23e2-d4fe-45e0-939e-fc76698e448f","ts":"2025-08-28T12:23:13.540-04:00","source":{"id":"0","name":"eventBus"}}
{"__type":"$$EventMessageNode","id":"ddfdb9d9-0956-4434-b337-69f5c3222d52","ts":"2025-08-28T12:23:13.540-04:00","eventName":"n8n.node.finished","message":"n8n.node.finished","payload":{"workflowId":"mLiIoNeqM3gomvo8","workflowName":"SubworkFlowForValidEmailCheck","executionId":"761","nodeType":"n8n-nodes-base.noOp","nodeName":"No Operation, do nothing","nodeId":"05728615-43f3-496b-a237-5a70243afb95"}}
{"__type":"$$EventMessageConfirm","confirm":"ddfdb9d9-0956-4434-b337-69f5c3222d52","ts":"2025-08-28T12:23:13.540-04:00","source":{"id":"0","name":"eventBus"}}
{"__type":"$$EventMessageWorkflow","id":"14fd661b-4543-4105-8701-70c873853efe","ts":"2025-08-28T12:23:13.540-04:00","eventName":"n8n.workflow.success","message":"n8n.workflow.success","payload":{"userId":"8f719475-e455-41e2-af6c-29e41158f91f","executionId":"761","success":true,"isManual":false,"workflowId":"mLiIoNeqM3gomvo8","workflowName":"SubworkFlowForValidEmailCheck"}}
{"__type":"$$EventMessageConfirm","confirm":"14fd661b-4543-4105-8701-70c873853efe","ts":"2025-08-28T12:23:13.540-04:00","source":{"id":"0","name":"eventBus"}}
{"__type":"$$EventMessageNode","id":"71ef5248-b2f4-4ddf-94b9-200b5a74847f","ts":"2025-08-28T12:23:13.557-04:00","eventName":"n8n.node.finished","message":"n8n.node.finished","payload":{"workflowId":"V8Qu7gLwwZ57mtdu","workflowName":"ErrorHandlingAndSubWorkFlowConsumer","executionId":"760","nodeType":"n8n-nodes-base.executeWorkflow","nodeName":"SubWorkFlow for valid email?","nodeId":"cf91e2c5-6bf8-494c-9e75-140ecff56cc1"}}
{"__type":"$$EventMessageConfirm","confirm":"71ef5248-b2f4-4ddf-94b9-200b5a74847f","ts":"2025-08-28T12:23:13.557-04:00","source":{"id":"0","name":"eventBus"}}
{"__type":"$$EventMessageNode","id":"cb837749-628c-4198-b7f6-73a8ce1d80dd","ts":"2025-08-28T12:23:13.558-04:00","eventName":"n8n.node.started","message":"n8n.node.started","payload":{"workflowId":"V8Qu7gLwwZ57mtdu","workflowName":"ErrorHandlingAndSubWorkFlowConsumer","executionId":"760","nodeType":"n8n-nodes-base.switch","nodeName":"Event type?","nodeId":"e6eb5105-30b7-4ead-a5f7-a404c988aacb"}}
{"__type":"$$EventMessageConfirm","confirm":"cb837749-628c-4198-b7f6-73a8ce1d80dd","ts":"2025-08-28T12:23:13.558-04:00","source":{"id":"0","name":"eventBus"}}
{"__type":"$$EventMessageNode","id":"82f6dc09-dfbb-487e-8e41-5e52b9efa3a0","ts":"2025-08-28T12:23:13.559-04:00","eventName":"n8n.node.finished","message":"n8n.node.finished","payload":{"workflowId":"V8Qu7gLwwZ57mtdu","workflowName":"ErrorHandlingAndSubWorkFlowConsumer","executionId":"760","nodeType":"n8n-nodes-base.switch","nodeName":"Event type?","nodeId":"e6eb5105-30b7-4ead-a5f7-a404c988aacb"}}
{"__type":"$$EventMessageConfirm","confirm":"82f6dc09-dfbb-487e-8e41-5e52b9efa3a0","ts":"2025-08-28T12:23:13.559-04:00","source":{"id":"0","name":"eventBus"}}
{"__type":"$$EventMessageNode","id":"fdc3ee49-fef0-4c77-a675-f3682a689891","ts":"2025-08-28T12:23:13.559-04:00","eventName":"n8n.node.started","message":"n8n.node.started","payload":{"workflowId":"V8Qu7gLwwZ57mtdu","workflowName":"ErrorHandlingAndSubWorkFlowConsumer","executionId":"760","nodeType":"n8n-nodes-base.slack","nodeName":"Account Created","nodeId":"dd9d9d9f-836a-4b0e-8b33-4e91811cdc57"}}
{"__type":"$$EventMessageConfirm","confirm":"fdc3ee49-fef0-4c77-a675-f3682a689891","ts":"2025-08-28T12:23:13.559-04:00","source":{"id":"0","name":"eventBus"}}
{"__type":"$$EventMessageNode","id":"0e50fc64-c5a2-4f9f-9acb-f162c75007ca","ts":"2025-08-28T12:23:14.294-04:00","eventName":"n8n.node.finished","message":"n8n.node.finished","payload":{"workflowId":"V8Qu7gLwwZ57mtdu","workflowName":"ErrorHandlingAndSubWorkFlowConsumer","executionId":"760","nodeType":"n8n-nodes-base.slack","nodeName":"Account Created","nodeId":"dd9d9d9f-836a-4b0e-8b33-4e91811cdc57"}}
{"__type":"$$EventMessageConfirm","confirm":"0e50fc64-c5a2-4f9f-9acb-f162c75007ca","ts":"2025-08-28T12:23:14.294-04:00","source":{"id":"0","name":"eventBus"}}
{"__type":"$$EventMessageWorkflow","id":"6f7397c6-b4ba-4491-97f0-a0a12a83212a","ts":"2025-08-28T12:23:14.308-04:00","eventName":"n8n.workflow.success","message":"n8n.workflow.success","payload":{"userId":"8f719475-e455-41e2-af6c-29e41158f91f","executionId":"760","success":true,"isManual":true,"workflowId":"V8Qu7gLwwZ57mtdu","workflowName":"ErrorHandlingAndSubWorkFlowConsumer"}}
{"__type":"$$EventMessageConfirm","confirm":"6f7397c6-b4ba-4491-97f0-a0a12a83212a","ts":"2025-08-28T12:23:14.308-04:00","source":{"id":"0","name":"eventBus"}}
{"__type":"$$EventMessageWorkflow","id":"f9526a85-f197-404e-8dc9-34f80d60c5ab","ts":"2025-08-28T12:23:33.441-04:00","eventName":"n8n.workflow.started","message":"n8n.workflow.started","payload":{"executionId":"762","workflowId":"V8Qu7gLwwZ57mtdu","isManual":false,"workflowName":"ErrorHandlingAndSubWorkFlowConsumer"}}
{"__type":"$$EventMessageConfirm","confirm":"f9526a85-f197-404e-8dc9-34f80d60c5ab","ts":"2025-08-28T12:23:33.441-04:00","source":{"id":"0","name":"eventBus"}}
{"__type":"$$EventMessageNode","id":"b3282abb-467d-4049-81dc-7d882a3eb3a7","ts":"2025-08-28T12:23:33.442-04:00","eventName":"n8n.node.started","message":"n8n.node.started","payload":{"workflowId":"V8Qu7gLwwZ57mtdu","workflowName":"ErrorHandlingAndSubWorkFlowConsumer","executionId":"762","nodeType":"n8n-nodes-base.webhook","nodeName":"Webhook","nodeId":"e16d044d-3b88-4698-8165-cd3d92db67f0"}}
{"__type":"$$EventMessageConfirm","confirm":"b3282abb-467d-4049-81dc-7d882a3eb3a7","ts":"2025-08-28T12:23:33.442-04:00","source":{"id":"0","name":"eventBus"}}
{"__type":"$$EventMessageNode","id":"83f9fb17-0872-4fc7-90b6-18cf7d38054b","ts":"2025-08-28T12:23:33.443-04:00","eventName":"n8n.node.finished","message":"n8n.node.finished","payload":{"workflowId":"V8Qu7gLwwZ57mtdu","workflowName":"ErrorHandlingAndSubWorkFlowConsumer","executionId":"762","nodeType":"n8n-nodes-base.webhook","nodeName":"Webhook","nodeId":"e16d044d-3b88-4698-8165-cd3d92db67f0"}}
{"__type":"$$EventMessageConfirm","confirm":"83f9fb17-0872-4fc7-90b6-18cf7d38054b","ts":"2025-08-28T12:23:33.444-04:00","source":{"id":"0","name":"eventBus"}}
{"__type":"$$EventMessageWorkflow","id":"ca37fd67-f632-4a56-a28b-abee754b61f4","ts":"2025-08-28T12:23:33.456-04:00","eventName":"n8n.workflow.success","message":"n8n.workflow.success","payload":{"executionId":"762","success":true,"isManual":true,"workflowId":"V8Qu7gLwwZ57mtdu","workflowName":"ErrorHandlingAndSubWorkFlowConsumer"}}
{"__type":"$$EventMessageConfirm","confirm":"ca37fd67-f632-4a56-a28b-abee754b61f4","ts":"2025-08-28T12:23:33.456-04:00","source":{"id":"0","name":"eventBus"}}
{"__type":"$$EventMessageWorkflow","id":"6b346241-750b-47ad-99cb-0e0825762825","ts":"2025-08-28T12:23:41.247-04:00","eventName":"n8n.workflow.started","message":"n8n.workflow.started","payload":{"executionId":"763","workflowId":"V8Qu7gLwwZ57mtdu","isManual":false,"workflowName":"ErrorHandlingAndSubWorkFlowConsumer"}}
{"__type":"$$EventMessageConfirm","confirm":"6b346241-750b-47ad-99cb-0e0825762825","ts":"2025-08-28T12:23:41.247-04:00","source":{"id":"0","name":"eventBus"}}
{"__type":"$$EventMessageNode","id":"7708d3ad-c5ac-4229-9254-57da29de8544","ts":"2025-08-28T12:23:41.248-04:00","eventName":"n8n.node.started","message":"n8n.node.started","payload":{"workflowId":"V8Qu7gLwwZ57mtdu","workflowName":"ErrorHandlingAndSubWorkFlowConsumer","executionId":"763","nodeType":"n8n-nodes-base.webhook","nodeName":"Webhook","nodeId":"e16d044d-3b88-4698-8165-cd3d92db67f0"}}
{"__type":"$$EventMessageConfirm","confirm":"7708d3ad-c5ac-4229-9254-57da29de8544","ts":"2025-08-28T12:23:41.248-04:00","source":{"id":"0","name":"eventBus"}}
{"__type":"$$EventMessageNode","id":"0ffa10c7-0d9d-489c-9b4d-24c3b5e34631","ts":"2025-08-28T12:23:41.249-04:00","eventName":"n8n.node.finished","message":"n8n.node.finished","payload":{"workflowId":"V8Qu7gLwwZ57mtdu","workflowName":"ErrorHandlingAndSubWorkFlowConsumer","executionId":"763","nodeType":"n8n-nodes-base.webhook","nodeName":"Webhook","nodeId":"e16d044d-3b88-4698-8165-cd3d92db67f0"}}
{"__type":"$$EventMessageConfirm","confirm":"0ffa10c7-0d9d-489c-9b4d-24c3b5e34631","ts":"2025-08-28T12:23:41.249-04:00","source":{"id":"0","name":"eventBus"}}
{"__type":"$$EventMessageNode","id":"b20e99f8-7ac3-45bc-9e3d-c3dcabe0f5f5","ts":"2025-08-28T12:23:41.249-04:00","eventName":"n8n.node.started","message":"n8n.node.started","payload":{"workflowId":"V8Qu7gLwwZ57mtdu","workflowName":"ErrorHandlingAndSubWorkFlowConsumer","executionId":"763","nodeType":"n8n-nodes-base.executeWorkflow","nodeName":"SubWorkFlow for valid email?","nodeId":"cf91e2c5-6bf8-494c-9e75-140ecff56cc1"}}
{"__type":"$$EventMessageConfirm","confirm":"b20e99f8-7ac3-45bc-9e3d-c3dcabe0f5f5","ts":"2025-08-28T12:23:41.249-04:00","source":{"id":"0","name":"eventBus"}}
{"__type":"$$EventMessageWorkflow","id":"28630aa9-9166-4c26-8d54-8577d680d74a","ts":"2025-08-28T12:23:41.274-04:00","eventName":"n8n.workflow.started","message":"n8n.workflow.started","payload":{"executionId":"764","workflowId":"mLiIoNeqM3gomvo8","isManual":false,"workflowName":"SubworkFlowForValidEmailCheck"}}
{"__type":"$$EventMessageConfirm","confirm":"28630aa9-9166-4c26-8d54-8577d680d74a","ts":"2025-08-28T12:23:41.274-04:00","source":{"id":"0","name":"eventBus"}}
{"__type":"$$EventMessageNode","id":"caf94ad8-f465-4cab-bb7f-3a6f13b72dd9","ts":"2025-08-28T12:23:41.274-04:00","eventName":"n8n.node.started","message":"n8n.node.started","payload":{"workflowId":"mLiIoNeqM3gomvo8","workflowName":"SubworkFlowForValidEmailCheck","executionId":"764","nodeType":"n8n-nodes-base.executeWorkflowTrigger","nodeName":"When Executed by Another Workflow","nodeId":"da3686b0-261e-48e2-9152-3042373fdafd"}}
{"__type":"$$EventMessageConfirm","confirm":"caf94ad8-f465-4cab-bb7f-3a6f13b72dd9","ts":"2025-08-28T12:23:41.274-04:00","source":{"id":"0","name":"eventBus"}}
{"__type":"$$EventMessageNode","id":"b0ec4eb7-5ef3-4850-8b3d-b0d3072b31cc","ts":"2025-08-28T12:23:41.275-04:00","eventName":"n8n.node.finished","message":"n8n.node.finished","payload":{"workflowId":"mLiIoNeqM3gomvo8","workflowName":"SubworkFlowForValidEmailCheck","executionId":"764","nodeType":"n8n-nodes-base.executeWorkflowTrigger","nodeName":"When Executed by Another Workflow","nodeId":"da3686b0-261e-48e2-9152-3042373fdafd"}}
{"__type":"$$EventMessageConfirm","confirm":"b0ec4eb7-5ef3-4850-8b3d-b0d3072b31cc","ts":"2025-08-28T12:23:41.275-04:00","source":{"id":"0","name":"eventBus"}}
{"__type":"$$EventMessageNode","id":"840bcbaf-11f9-4a1e-9797-4700ec3a9195","ts":"2025-08-28T12:23:41.275-04:00","eventName":"n8n.node.started","message":"n8n.node.started","payload":{"workflowId":"mLiIoNeqM3gomvo8","workflowName":"SubworkFlowForValidEmailCheck","executionId":"764","nodeType":"n8n-nodes-base.if","nodeName":"Email valid?","nodeId":"d7dd3e59-76ce-4fbb-9606-fbaba6dcd8c2"}}
{"__type":"$$EventMessageConfirm","confirm":"840bcbaf-11f9-4a1e-9797-4700ec3a9195","ts":"2025-08-28T12:23:41.275-04:00","source":{"id":"0","name":"eventBus"}}
{"__type":"$$EventMessageNode","id":"e521f747-507d-4d14-83cc-997f7e9cbfe1","ts":"2025-08-28T12:23:41.275-04:00","eventName":"n8n.node.finished","message":"n8n.node.finished","payload":{"workflowId":"mLiIoNeqM3gomvo8","workflowName":"SubworkFlowForValidEmailCheck","executionId":"764","nodeType":"n8n-nodes-base.if","nodeName":"Email valid?","nodeId":"d7dd3e59-76ce-4fbb-9606-fbaba6dcd8c2"}}
{"__type":"$$EventMessageConfirm","confirm":"e521f747-507d-4d14-83cc-997f7e9cbfe1","ts":"2025-08-28T12:23:41.275-04:00","source":{"id":"0","name":"eventBus"}}
{"__type":"$$EventMessageNode","id":"c89590f1-e026-47ef-85f9-d317599b91b7","ts":"2025-08-28T12:23:41.275-04:00","eventName":"n8n.node.started","message":"n8n.node.started","payload":{"workflowId":"mLiIoNeqM3gomvo8","workflowName":"SubworkFlowForValidEmailCheck","executionId":"764","nodeType":"n8n-nodes-base.noOp","nodeName":"No Operation, do nothing","nodeId":"05728615-43f3-496b-a237-5a70243afb95"}}
{"__type":"$$EventMessageConfirm","confirm":"c89590f1-e026-47ef-85f9-d317599b91b7","ts":"2025-08-28T12:23:41.275-04:00","source":{"id":"0","name":"eventBus"}}
{"__type":"$$EventMessageNode","id":"84f68c8e-8f9a-49c0-b0fc-ca1c84577beb","ts":"2025-08-28T12:23:41.276-04:00","eventName":"n8n.node.finished","message":"n8n.node.finished","payload":{"workflowId":"mLiIoNeqM3gomvo8","workflowName":"SubworkFlowForValidEmailCheck","executionId":"764","nodeType":"n8n-nodes-base.noOp","nodeName":"No Operation, do nothing","nodeId":"05728615-43f3-496b-a237-5a70243afb95"}}
{"__type":"$$EventMessageConfirm","confirm":"84f68c8e-8f9a-49c0-b0fc-ca1c84577beb","ts":"2025-08-28T12:23:41.276-04:00","source":{"id":"0","name":"eventBus"}}
{"__type":"$$EventMessageWorkflow","id":"79147abf-d27a-48e6-be3b-2fa1a3ee5e41","ts":"2025-08-28T12:23:41.276-04:00","eventName":"n8n.workflow.success","message":"n8n.workflow.success","payload":{"executionId":"764","success":true,"isManual":false,"workflowId":"mLiIoNeqM3gomvo8","workflowName":"SubworkFlowForValidEmailCheck"}}
{"__type":"$$EventMessageConfirm","confirm":"79147abf-d27a-48e6-be3b-2fa1a3ee5e41","ts":"2025-08-28T12:23:41.276-04:00","source":{"id":"0","name":"eventBus"}}
{"__type":"$$EventMessageNode","id":"9a9281ec-2e51-401c-b7cc-6dedf32ec978","ts":"2025-08-28T12:23:41.288-04:00","eventName":"n8n.node.finished","message":"n8n.node.finished","payload":{"workflowId":"V8Qu7gLwwZ57mtdu","workflowName":"ErrorHandlingAndSubWorkFlowConsumer","executionId":"763","nodeType":"n8n-nodes-base.executeWorkflow","nodeName":"SubWorkFlow for valid email?","nodeId":"cf91e2c5-6bf8-494c-9e75-140ecff56cc1"}}
{"__type":"$$EventMessageConfirm","confirm":"9a9281ec-2e51-401c-b7cc-6dedf32ec978","ts":"2025-08-28T12:23:41.288-04:00","source":{"id":"0","name":"eventBus"}}
{"__type":"$$EventMessageNode","id":"d989a35b-436a-4957-8487-83b4dc210b6b","ts":"2025-08-28T12:23:41.288-04:00","eventName":"n8n.node.started","message":"n8n.node.started","payload":{"workflowId":"V8Qu7gLwwZ57mtdu","workflowName":"ErrorHandlingAndSubWorkFlowConsumer","executionId":"763","nodeType":"n8n-nodes-base.switch","nodeName":"Event type?","nodeId":"e6eb5105-30b7-4ead-a5f7-a404c988aacb"}}
{"__type":"$$EventMessageConfirm","confirm":"d989a35b-436a-4957-8487-83b4dc210b6b","ts":"2025-08-28T12:23:41.289-04:00","source":{"id":"0","name":"eventBus"}}
{"__type":"$$EventMessageNode","id":"cd127b07-476e-4e13-9515-6a880f1bb65e","ts":"2025-08-28T12:23:41.293-04:00","eventName":"n8n.node.finished","message":"n8n.node.finished","payload":{"workflowId":"V8Qu7gLwwZ57mtdu","workflowName":"ErrorHandlingAndSubWorkFlowConsumer","executionId":"763","nodeType":"n8n-nodes-base.switch","nodeName":"Event type?","nodeId":"e6eb5105-30b7-4ead-a5f7-a404c988aacb"}}
{"__type":"$$EventMessageConfirm","confirm":"cd127b07-476e-4e13-9515-6a880f1bb65e","ts":"2025-08-28T12:23:41.293-04:00","source":{"id":"0","name":"eventBus"}}
{"__type":"$$EventMessageNode","id":"6ea4b66c-7be4-4a11-b390-0f4a9d575565","ts":"2025-08-28T12:23:41.294-04:00","eventName":"n8n.node.started","message":"n8n.node.started","payload":{"workflowId":"V8Qu7gLwwZ57mtdu","workflowName":"ErrorHandlingAndSubWorkFlowConsumer","executionId":"763","nodeType":"n8n-nodes-base.slack","nodeName":"Team member invited message","nodeId":"56b7c635-f730-439b-ae0d-2d94abec20b2"}}
{"__type":"$$EventMessageConfirm","confirm":"6ea4b66c-7be4-4a11-b390-0f4a9d575565","ts":"2025-08-28T12:23:41.294-04:00","source":{"id":"0","name":"eventBus"}}
{"__type":"$$EventMessageNode","id":"c839caf6-cc55-435e-bb06-e81813c95edb","ts":"2025-08-28T12:23:41.878-04:00","eventName":"n8n.node.finished","message":"n8n.node.finished","payload":{"workflowId":"V8Qu7gLwwZ57mtdu","workflowName":"ErrorHandlingAndSubWorkFlowConsumer","executionId":"763","nodeType":"n8n-nodes-base.slack","nodeName":"Team member invited message","nodeId":"56b7c635-f730-439b-ae0d-2d94abec20b2"}}
{"__type":"$$EventMessageConfirm","confirm":"c839caf6-cc55-435e-bb06-e81813c95edb","ts":"2025-08-28T12:23:41.878-04:00","source":{"id":"0","name":"eventBus"}}
{"__type":"$$EventMessageWorkflow","id":"ec7a8473-1de2-4b38-9008-b5dba90658e5","ts":"2025-08-28T12:23:41.885-04:00","eventName":"n8n.workflow.success","message":"n8n.workflow.success","payload":{"executionId":"763","success":true,"isManual":true,"workflowId":"V8Qu7gLwwZ57mtdu","workflowName":"ErrorHandlingAndSubWorkFlowConsumer"}}
{"__type":"$$EventMessageConfirm","confirm":"ec7a8473-1de2-4b38-9008-b5dba90658e5","ts":"2025-08-28T12:23:41.885-04:00","source":{"id":"0","name":"eventBus"}}
{"__type":"$$EventMessageAudit","id":"d15c2381-7fdb-468e-93bd-9753822c25dd","ts":"2025-08-28T12:40:22.392-04:00","eventName":"n8n.audit.workflow.updated","message":"n8n.audit.workflow.updated","payload":{"userId":"8f719475-e455-41e2-af6c-29e41158f91f","_email":"ayeshaareej222@gmail.com","_firstName":"Ayesha ","_lastName":"Areej","globalRole":"global:owner","workflowId":"mLiIoNeqM3gomvo8","workflowName":"SubworkFlowForValidEmailCheck"}}
{"__type":"$$EventMessageConfirm","confirm":"d15c2381-7fdb-468e-93bd-9753822c25dd","ts":"2025-08-28T12:40:22.392-04:00","source":{"id":"0","name":"eventBus"}}
{"__type":"$$EventMessageAudit","id":"78aa1e96-7b6f-4bec-984e-0a17192106c5","ts":"2025-08-28T12:40:39.650-04:00","eventName":"n8n.audit.workflow.updated","message":"n8n.audit.workflow.updated","payload":{"userId":"8f719475-e455-41e2-af6c-29e41158f91f","_email":"ayeshaareej222@gmail.com","_firstName":"Ayesha ","_lastName":"Areej","globalRole":"global:owner","workflowId":"V8Qu7gLwwZ57mtdu","workflowName":"ErrorHandlingAndSubWorkFlowConsumer"}}
{"__type":"$$EventMessageConfirm","confirm":"78aa1e96-7b6f-4bec-984e-0a17192106c5","ts":"2025-08-28T12:40:39.651-04:00","source":{"id":"0","name":"eventBus"}}
{"__type":"$$EventMessageAudit","id":"07230356-da41-45df-9fa8-d6e350eb46bf","ts":"2025-08-28T12:42:49.468-04:00","eventName":"n8n.audit.workflow.updated","message":"n8n.audit.workflow.updated","payload":{"userId":"8f719475-e455-41e2-af6c-29e41158f91f","_email":"ayeshaareej222@gmail.com","_firstName":"Ayesha ","_lastName":"Areej","globalRole":"global:owner","workflowId":"V8Qu7gLwwZ57mtdu","workflowName":"ErrorHandlingAndSubWorkFlowConsumer"}}
{"__type":"$$EventMessageConfirm","confirm":"07230356-da41-45df-9fa8-d6e350eb46bf","ts":"2025-08-28T12:42:49.470-04:00","source":{"id":"0","name":"eventBus"}}
{"__type":"$$EventMessageAudit","id":"5e14ceb8-bfa5-4b3b-9f9b-e55cbd7e6e47","ts":"2025-08-28T12:43:16.697-04:00","eventName":"n8n.audit.workflow.updated","message":"n8n.audit.workflow.updated","payload":{"userId":"8f719475-e455-41e2-af6c-29e41158f91f","_email":"ayeshaareej222@gmail.com","_firstName":"Ayesha ","_lastName":"Areej","globalRole":"global:owner","workflowId":"HdsEY01kZ95Lr4tp","workflowName":"n8nEditDataTutorial1"}}
{"__type":"$$EventMessageConfirm","confirm":"5e14ceb8-bfa5-4b3b-9f9b-e55cbd7e6e47","ts":"2025-08-28T12:43:16.697-04:00","source":{"id":"0","name":"eventBus"}}
{"__type":"$$EventMessageAudit","id":"1fbd451f-8aaa-4d3f-98e9-4a5887a41645","ts":"2025-08-28T12:43:41.406-04:00","eventName":"n8n.audit.workflow.updated","message":"n8n.audit.workflow.updated","payload":{"userId":"8f719475-e455-41e2-af6c-29e41158f91f","_email":"ayeshaareej222@gmail.com","_firstName":"Ayesha ","_lastName":"Areej","globalRole":"global:owner","workflowId":"P5EAzDFkHvtKX76r","workflowName":"Error Workflow"}}
{"__type":"$$EventMessageConfirm","confirm":"1fbd451f-8aaa-4d3f-98e9-4a5887a41645","ts":"2025-08-28T12:43:41.406-04:00","source":{"id":"0","name":"eventBus"}}
{"__type":"$$EventMessageAudit","id":"1be760dd-1fb4-4f0c-9218-effd7c3fc044","ts":"2025-08-28T12:43:51.213-04:00","eventName":"n8n.audit.workflow.updated","message":"n8n.audit.workflow.updated","payload":{"userId":"8f719475-e455-41e2-af6c-29e41158f91f","_email":"ayeshaareej222@gmail.com","_firstName":"Ayesha ","_lastName":"Areej","globalRole":"global:owner","workflowId":"P5EAzDFkHvtKX76r","workflowName":"Error Workflow"}}
{"__type":"$$EventMessageConfirm","confirm":"1be760dd-1fb4-4f0c-9218-effd7c3fc044","ts":"2025-08-28T12:43:51.213-04:00","source":{"id":"0","name":"eventBus"}}
{"__type":"$$EventMessageAudit","id":"f8ae60cd-5dd4-42e9-be28-ef43840f68f7","ts":"2025-08-28T12:46:12.897-04:00","eventName":"n8n.audit.workflow.updated","message":"n8n.audit.workflow.updated","payload":{"userId":"8f719475-e455-41e2-af6c-29e41158f91f","_email":"ayeshaareej222@gmail.com","_firstName":"Ayesha ","_lastName":"Areej","globalRole":"global:owner","workflowId":"HDHCqbt4YEnLlD7Z","workflowName":"Sales&AnalyticsGettingDatafromDiffSources"}}
{"__type":"$$EventMessageConfirm","confirm":"f8ae60cd-5dd4-42e9-be28-ef43840f68f7","ts":"2025-08-28T12:46:12.898-04:00","source":{"id":"0","name":"eventBus"}}
