{"__type":"$$EventMessageAudit","id":"4826dcc7-9b2d-4d39-90f9-7ea1ac371f15","ts":"2025-07-16T11:22:29.510-04:00","eventName":"n8n.audit.workflow.created","message":"n8n.audit.workflow.created","payload":{"userId":"8f719475-e455-41e2-af6c-29e41158f91f","_email":"ayeshaareej222@gmail.com","_firstName":"Ayesha ","_lastName":"Areej","globalRole":"global:owner","workflowId":"HDHCqbt4YEnLlD7Z","workflowName":"DataAndSalesAnalytics"}}
{"__type":"$$EventMessageConfirm","confirm":"4826dcc7-9b2d-4d39-90f9-7ea1ac371f15","ts":"2025-07-16T11:22:29.511-04:00","source":{"id":"0","name":"eventBus"}}
{"__type":"$$EventMessageAudit","id":"a6e92102-9d96-46d6-9299-1c4764d30e1c","ts":"2025-07-16T11:22:36.397-04:00","eventName":"n8n.audit.workflow.updated","message":"n8n.audit.workflow.updated","payload":{"userId":"8f719475-e455-41e2-af6c-29e41158f91f","_email":"ayeshaareej222@gmail.com","_firstName":"Ayesha ","_lastName":"Areej","globalRole":"global:owner","workflowId":"HDHCqbt4YEnLlD7Z","workflowName":"DataAndSalesAnalyticsReporting"}}
{"__type":"$$EventMessageConfirm","confirm":"a6e92102-9d96-46d6-9299-1c4764d30e1c","ts":"2025-07-16T11:22:36.397-04:00","source":{"id":"0","name":"eventBus"}}
{"__type":"$$EventMessageAudit","id":"a6ea769e-72ba-4f7c-b863-1dcf10bfac7c","ts":"2025-07-16T11:31:12.282-04:00","eventName":"n8n.audit.workflow.created","message":"n8n.audit.workflow.created","payload":{"userId":"8f719475-e455-41e2-af6c-29e41158f91f","_email":"ayeshaareej222@gmail.com","_firstName":"Ayesha ","_lastName":"Areej","globalRole":"global:owner","workflowId":"gYgx1q4618IFHrr3","workflowName":"DataWarehouseToAirtable&Discord"}}
{"__type":"$$EventMessageConfirm","confirm":"a6ea769e-72ba-4f7c-b863-1dcf10bfac7c","ts":"2025-07-16T11:31:12.283-04:00","source":{"id":"0","name":"eventBus"}}
{"__type":"$$EventMessageAudit","id":"74eedd6e-e1bc-44dc-a9ae-6dae8e520529","ts":"2025-07-16T11:31:26.131-04:00","eventName":"n8n.audit.user.credentials.created","message":"n8n.audit.user.credentials.created","payload":{"userId":"8f719475-e455-41e2-af6c-29e41158f91f","_email":"ayeshaareej222@gmail.com","_firstName":"Ayesha ","_lastName":"Areej","globalRole":"global:owner","credentialType":"airtableTokenApi","credentialId":"DTxIH39sGmCpYHct","publicApi":false,"projectId":"kbFO2qRd3cCUiU0E","projectType":"personal"}}
{"__type":"$$EventMessageConfirm","confirm":"74eedd6e-e1bc-44dc-a9ae-6dae8e520529","ts":"2025-07-16T11:31:26.132-04:00","source":{"id":"0","name":"eventBus"}}
{"__type":"$$EventMessageWorkflow","id":"c7c9ba79-67b2-4660-b94f-8e038be7a63a","ts":"2025-07-16T11:31:32.534-04:00","eventName":"n8n.workflow.started","message":"n8n.workflow.started","payload":{"executionId":"591","workflowId":"gYgx1q4618IFHrr3","isManual":false,"workflowName":"DataWarehouseToAirtable&Discord"}}
{"__type":"$$EventMessageConfirm","confirm":"c7c9ba79-67b2-4660-b94f-8e038be7a63a","ts":"2025-07-16T11:31:32.535-04:00","source":{"id":"0","name":"eventBus"}}
{"__type":"$$EventMessageNode","id":"83a9b045-df43-4d05-9dfb-9e5bc5db396a","ts":"2025-07-16T11:31:32.538-04:00","eventName":"n8n.node.started","message":"n8n.node.started","payload":{"workflowId":"gYgx1q4618IFHrr3","workflowName":"DataWarehouseToAirtable&Discord","executionId":"591","nodeType":"n8n-nodes-base.scheduleTrigger","nodeName":"Schedule Trigger","nodeId":"c01fb45c-4ef9-4bae-81a9-6e021f835bd8"}}
{"__type":"$$EventMessageConfirm","confirm":"83a9b045-df43-4d05-9dfb-9e5bc5db396a","ts":"2025-07-16T11:31:32.538-04:00","source":{"id":"0","name":"eventBus"}}
{"__type":"$$EventMessageNode","id":"ba21c8de-e752-412a-b8d2-739fc8759bfb","ts":"2025-07-16T11:31:32.546-04:00","eventName":"n8n.node.finished","message":"n8n.node.finished","payload":{"workflowId":"gYgx1q4618IFHrr3","workflowName":"DataWarehouseToAirtable&Discord","executionId":"591","nodeType":"n8n-nodes-base.scheduleTrigger","nodeName":"Schedule Trigger","nodeId":"c01fb45c-4ef9-4bae-81a9-6e021f835bd8"}}
{"__type":"$$EventMessageConfirm","confirm":"ba21c8de-e752-412a-b8d2-739fc8759bfb","ts":"2025-07-16T11:31:32.546-04:00","source":{"id":"0","name":"eventBus"}}
{"__type":"$$EventMessageNode","id":"be0c6d7b-86ba-40bc-9bc0-24e8092c2fd0","ts":"2025-07-16T11:31:32.546-04:00","eventName":"n8n.node.started","message":"n8n.node.started","payload":{"workflowId":"gYgx1q4618IFHrr3","workflowName":"DataWarehouseToAirtable&Discord","executionId":"591","nodeType":"n8n-nodes-base.httpRequest","nodeName":"HTTP Request","nodeId":"61800886-6ccf-4b94-9987-d1b2d0fe339f"}}
{"__type":"$$EventMessageConfirm","confirm":"be0c6d7b-86ba-40bc-9bc0-24e8092c2fd0","ts":"2025-07-16T11:31:32.546-04:00","source":{"id":"0","name":"eventBus"}}
{"__type":"$$EventMessageNode","id":"8d96e1dd-128e-43f5-b58d-59444cd5f67e","ts":"2025-07-16T11:31:32.547-04:00","eventName":"n8n.node.finished","message":"n8n.node.finished","payload":{"workflowId":"gYgx1q4618IFHrr3","workflowName":"DataWarehouseToAirtable&Discord","executionId":"591","nodeType":"n8n-nodes-base.httpRequest","nodeName":"HTTP Request","nodeId":"61800886-6ccf-4b94-9987-d1b2d0fe339f"}}
{"__type":"$$EventMessageConfirm","confirm":"8d96e1dd-128e-43f5-b58d-59444cd5f67e","ts":"2025-07-16T11:31:32.547-04:00","source":{"id":"0","name":"eventBus"}}
{"__type":"$$EventMessageNode","id":"ffd5051c-26fd-4287-81f1-06a86e623dd6","ts":"2025-07-16T11:31:32.547-04:00","eventName":"n8n.node.started","message":"n8n.node.started","payload":{"workflowId":"gYgx1q4618IFHrr3","workflowName":"DataWarehouseToAirtable&Discord","executionId":"591","nodeType":"n8n-nodes-base.if","nodeName":"If","nodeId":"e20934b8-63c8-4d53-bfa1-ba91d548b4e6"}}
{"__type":"$$EventMessageConfirm","confirm":"ffd5051c-26fd-4287-81f1-06a86e623dd6","ts":"2025-07-16T11:31:32.547-04:00","source":{"id":"0","name":"eventBus"}}
{"__type":"$$EventMessageNode","id":"6163d2b7-0071-459c-b41b-1f9b19d8971b","ts":"2025-07-16T11:31:32.565-04:00","eventName":"n8n.node.finished","message":"n8n.node.finished","payload":{"workflowId":"gYgx1q4618IFHrr3","workflowName":"DataWarehouseToAirtable&Discord","executionId":"591","nodeType":"n8n-nodes-base.if","nodeName":"If","nodeId":"e20934b8-63c8-4d53-bfa1-ba91d548b4e6"}}
{"__type":"$$EventMessageConfirm","confirm":"6163d2b7-0071-459c-b41b-1f9b19d8971b","ts":"2025-07-16T11:31:32.565-04:00","source":{"id":"0","name":"eventBus"}}
{"__type":"$$EventMessageNode","id":"043832c4-0334-4caa-b5b3-e925736d57af","ts":"2025-07-16T11:31:32.565-04:00","eventName":"n8n.node.started","message":"n8n.node.started","payload":{"workflowId":"gYgx1q4618IFHrr3","workflowName":"DataWarehouseToAirtable&Discord","executionId":"591","nodeType":"n8n-nodes-base.set","nodeName":"Edit Fields","nodeId":"15471388-09e0-4de4-b3c1-96237335a451"}}
{"__type":"$$EventMessageConfirm","confirm":"043832c4-0334-4caa-b5b3-e925736d57af","ts":"2025-07-16T11:31:32.565-04:00","source":{"id":"0","name":"eventBus"}}
{"__type":"$$EventMessageNode","id":"c461090c-0ff3-42ce-a676-ebbfe9196f51","ts":"2025-07-16T11:31:32.571-04:00","eventName":"n8n.node.finished","message":"n8n.node.finished","payload":{"workflowId":"gYgx1q4618IFHrr3","workflowName":"DataWarehouseToAirtable&Discord","executionId":"591","nodeType":"n8n-nodes-base.set","nodeName":"Edit Fields","nodeId":"15471388-09e0-4de4-b3c1-96237335a451"}}
{"__type":"$$EventMessageConfirm","confirm":"c461090c-0ff3-42ce-a676-ebbfe9196f51","ts":"2025-07-16T11:31:32.571-04:00","source":{"id":"0","name":"eventBus"}}
{"__type":"$$EventMessageNode","id":"309629bc-d899-48bf-b6d3-2508c7c0cc43","ts":"2025-07-16T11:31:32.571-04:00","eventName":"n8n.node.started","message":"n8n.node.started","payload":{"workflowId":"gYgx1q4618IFHrr3","workflowName":"DataWarehouseToAirtable&Discord","executionId":"591","nodeType":"n8n-nodes-base.airtable","nodeName":"Create a record","nodeId":"438b3991-41a1-42f6-8fc8-5e67dcd1a64e"}}
{"__type":"$$EventMessageConfirm","confirm":"309629bc-d899-48bf-b6d3-2508c7c0cc43","ts":"2025-07-16T11:31:32.571-04:00","source":{"id":"0","name":"eventBus"}}
{"__type":"$$EventMessageNode","id":"307d4e00-81ea-41e3-99e8-d9325ae07f1b","ts":"2025-07-16T11:31:44.574-04:00","eventName":"n8n.node.finished","message":"n8n.node.finished","payload":{"workflowId":"gYgx1q4618IFHrr3","workflowName":"DataWarehouseToAirtable&Discord","executionId":"591","nodeType":"n8n-nodes-base.airtable","nodeName":"Create a record","nodeId":"438b3991-41a1-42f6-8fc8-5e67dcd1a64e"}}
{"__type":"$$EventMessageConfirm","confirm":"307d4e00-81ea-41e3-99e8-d9325ae07f1b","ts":"2025-07-16T11:31:44.574-04:00","source":{"id":"0","name":"eventBus"}}
{"__type":"$$EventMessageNode","id":"6277f7c9-fd1f-4159-9f0d-b3e430ebf25d","ts":"2025-07-16T11:31:44.575-04:00","eventName":"n8n.node.started","message":"n8n.node.started","payload":{"workflowId":"gYgx1q4618IFHrr3","workflowName":"DataWarehouseToAirtable&Discord","executionId":"591","nodeType":"n8n-nodes-base.code","nodeName":"Code","nodeId":"b2a6f68e-934c-4ad2-bc87-c88c711f6667"}}
{"__type":"$$EventMessageConfirm","confirm":"6277f7c9-fd1f-4159-9f0d-b3e430ebf25d","ts":"2025-07-16T11:31:44.576-04:00","source":{"id":"0","name":"eventBus"}}
{"__type":"$$EventMessageNode","id":"eabd288f-6a6c-497b-9646-3a72a5854453","ts":"2025-07-16T11:31:44.611-04:00","eventName":"n8n.node.finished","message":"n8n.node.finished","payload":{"workflowId":"gYgx1q4618IFHrr3","workflowName":"DataWarehouseToAirtable&Discord","executionId":"591","nodeType":"n8n-nodes-base.code","nodeName":"Code","nodeId":"b2a6f68e-934c-4ad2-bc87-c88c711f6667"}}
{"__type":"$$EventMessageConfirm","confirm":"eabd288f-6a6c-497b-9646-3a72a5854453","ts":"2025-07-16T11:31:44.611-04:00","source":{"id":"0","name":"eventBus"}}
{"__type":"$$EventMessageNode","id":"9a384782-7a66-4c71-9449-c6e0a0040b18","ts":"2025-07-16T11:31:44.612-04:00","eventName":"n8n.node.started","message":"n8n.node.started","payload":{"workflowId":"gYgx1q4618IFHrr3","workflowName":"DataWarehouseToAirtable&Discord","executionId":"591","nodeType":"n8n-nodes-base.discord","nodeName":"Discord","nodeId":"330aa8af-c564-4c84-8461-9755f314928e"}}
{"__type":"$$EventMessageConfirm","confirm":"9a384782-7a66-4c71-9449-c6e0a0040b18","ts":"2025-07-16T11:31:44.612-04:00","source":{"id":"0","name":"eventBus"}}
{"__type":"$$EventMessageNode","id":"f8acd0de-672e-4cb9-a53c-4150e9734edf","ts":"2025-07-16T11:31:44.657-04:00","eventName":"n8n.node.finished","message":"n8n.node.finished","payload":{"workflowId":"gYgx1q4618IFHrr3","workflowName":"DataWarehouseToAirtable&Discord","executionId":"591","nodeType":"n8n-nodes-base.discord","nodeName":"Discord","nodeId":"330aa8af-c564-4c84-8461-9755f314928e"}}
{"__type":"$$EventMessageConfirm","confirm":"f8acd0de-672e-4cb9-a53c-4150e9734edf","ts":"2025-07-16T11:31:44.657-04:00","source":{"id":"0","name":"eventBus"}}
{"__type":"$$EventMessageWorkflow","id":"c50cb60c-1f6d-4a3a-8108-e47ab125aa41","ts":"2025-07-16T11:31:44.662-04:00","eventName":"n8n.workflow.failed","message":"n8n.workflow.failed","payload":{"userId":"8f719475-e455-41e2-af6c-29e41158f91f","executionId":"591","success":false,"isManual":true,"workflowId":"gYgx1q4618IFHrr3","workflowName":"DataWarehouseToAirtable&Discord","lastNodeExecuted":"Discord","errorNodeType":"n8n-nodes-base.discord","errorMessage":"Node does not require credentials"}}
{"__type":"$$EventMessageConfirm","confirm":"c50cb60c-1f6d-4a3a-8108-e47ab125aa41","ts":"2025-07-16T11:31:44.662-04:00","source":{"id":"0","name":"eventBus"}}
{"__type":"$$EventMessageAudit","id":"7514f3d6-0745-40fc-94a8-c51fdf0baea8","ts":"2025-07-16T11:34:52.080-04:00","eventName":"n8n.audit.user.credentials.created","message":"n8n.audit.user.credentials.created","payload":{"userId":"8f719475-e455-41e2-af6c-29e41158f91f","_email":"ayeshaareej222@gmail.com","_firstName":"Ayesha ","_lastName":"Areej","globalRole":"global:owner","credentialType":"discordWebhookApi","credentialId":"M4eAaKF8E13W80Jv","publicApi":false,"projectId":"kbFO2qRd3cCUiU0E","projectType":"personal"}}
{"__type":"$$EventMessageConfirm","confirm":"7514f3d6-0745-40fc-94a8-c51fdf0baea8","ts":"2025-07-16T11:34:52.082-04:00","source":{"id":"0","name":"eventBus"}}
{"__type":"$$EventMessageWorkflow","id":"12cbf81c-34ed-43aa-974b-98409829b75b","ts":"2025-07-16T11:34:55.266-04:00","eventName":"n8n.workflow.started","message":"n8n.workflow.started","payload":{"executionId":"592","workflowId":"gYgx1q4618IFHrr3","isManual":false,"workflowName":"DataWarehouseToAirtable&Discord"}}
{"__type":"$$EventMessageConfirm","confirm":"12cbf81c-34ed-43aa-974b-98409829b75b","ts":"2025-07-16T11:34:55.266-04:00","source":{"id":"0","name":"eventBus"}}
{"__type":"$$EventMessageNode","id":"cbf71332-a586-4e64-9b42-89f2bc66091f","ts":"2025-07-16T11:34:55.267-04:00","eventName":"n8n.node.started","message":"n8n.node.started","payload":{"workflowId":"gYgx1q4618IFHrr3","workflowName":"DataWarehouseToAirtable&Discord","executionId":"592","nodeType":"n8n-nodes-base.scheduleTrigger","nodeName":"Schedule Trigger","nodeId":"c01fb45c-4ef9-4bae-81a9-6e021f835bd8"}}
{"__type":"$$EventMessageConfirm","confirm":"cbf71332-a586-4e64-9b42-89f2bc66091f","ts":"2025-07-16T11:34:55.267-04:00","source":{"id":"0","name":"eventBus"}}
{"__type":"$$EventMessageNode","id":"d775da41-7b12-4f2a-80c2-6c78551a0b2b","ts":"2025-07-16T11:34:55.272-04:00","eventName":"n8n.node.finished","message":"n8n.node.finished","payload":{"workflowId":"gYgx1q4618IFHrr3","workflowName":"DataWarehouseToAirtable&Discord","executionId":"592","nodeType":"n8n-nodes-base.scheduleTrigger","nodeName":"Schedule Trigger","nodeId":"c01fb45c-4ef9-4bae-81a9-6e021f835bd8"}}
{"__type":"$$EventMessageConfirm","confirm":"d775da41-7b12-4f2a-80c2-6c78551a0b2b","ts":"2025-07-16T11:34:55.272-04:00","source":{"id":"0","name":"eventBus"}}
{"__type":"$$EventMessageNode","id":"98642059-d361-41c1-abce-f372258f471e","ts":"2025-07-16T11:34:55.272-04:00","eventName":"n8n.node.started","message":"n8n.node.started","payload":{"workflowId":"gYgx1q4618IFHrr3","workflowName":"DataWarehouseToAirtable&Discord","executionId":"592","nodeType":"n8n-nodes-base.httpRequest","nodeName":"HTTP Request","nodeId":"61800886-6ccf-4b94-9987-d1b2d0fe339f"}}
{"__type":"$$EventMessageConfirm","confirm":"98642059-d361-41c1-abce-f372258f471e","ts":"2025-07-16T11:34:55.272-04:00","source":{"id":"0","name":"eventBus"}}
{"__type":"$$EventMessageNode","id":"25733eda-7c24-4eb7-ac54-444e2a592cdc","ts":"2025-07-16T11:34:55.273-04:00","eventName":"n8n.node.finished","message":"n8n.node.finished","payload":{"workflowId":"gYgx1q4618IFHrr3","workflowName":"DataWarehouseToAirtable&Discord","executionId":"592","nodeType":"n8n-nodes-base.httpRequest","nodeName":"HTTP Request","nodeId":"61800886-6ccf-4b94-9987-d1b2d0fe339f"}}
{"__type":"$$EventMessageConfirm","confirm":"25733eda-7c24-4eb7-ac54-444e2a592cdc","ts":"2025-07-16T11:34:55.273-04:00","source":{"id":"0","name":"eventBus"}}
{"__type":"$$EventMessageNode","id":"cfa5efd0-d487-4199-84b9-f2ff3cd20b45","ts":"2025-07-16T11:34:55.274-04:00","eventName":"n8n.node.started","message":"n8n.node.started","payload":{"workflowId":"gYgx1q4618IFHrr3","workflowName":"DataWarehouseToAirtable&Discord","executionId":"592","nodeType":"n8n-nodes-base.if","nodeName":"If","nodeId":"e20934b8-63c8-4d53-bfa1-ba91d548b4e6"}}
{"__type":"$$EventMessageConfirm","confirm":"cfa5efd0-d487-4199-84b9-f2ff3cd20b45","ts":"2025-07-16T11:34:55.274-04:00","source":{"id":"0","name":"eventBus"}}
{"__type":"$$EventMessageNode","id":"96b34996-05c3-46b7-9721-9d5066880e9d","ts":"2025-07-16T11:34:55.288-04:00","eventName":"n8n.node.finished","message":"n8n.node.finished","payload":{"workflowId":"gYgx1q4618IFHrr3","workflowName":"DataWarehouseToAirtable&Discord","executionId":"592","nodeType":"n8n-nodes-base.if","nodeName":"If","nodeId":"e20934b8-63c8-4d53-bfa1-ba91d548b4e6"}}
{"__type":"$$EventMessageConfirm","confirm":"96b34996-05c3-46b7-9721-9d5066880e9d","ts":"2025-07-16T11:34:55.288-04:00","source":{"id":"0","name":"eventBus"}}
{"__type":"$$EventMessageNode","id":"4b67805c-86b5-4d6c-9895-5e622a743b57","ts":"2025-07-16T11:34:55.289-04:00","eventName":"n8n.node.started","message":"n8n.node.started","payload":{"workflowId":"gYgx1q4618IFHrr3","workflowName":"DataWarehouseToAirtable&Discord","executionId":"592","nodeType":"n8n-nodes-base.set","nodeName":"Edit Fields","nodeId":"15471388-09e0-4de4-b3c1-96237335a451"}}
{"__type":"$$EventMessageConfirm","confirm":"4b67805c-86b5-4d6c-9895-5e622a743b57","ts":"2025-07-16T11:34:55.289-04:00","source":{"id":"0","name":"eventBus"}}
{"__type":"$$EventMessageNode","id":"f5be3179-9870-43c5-a552-357ff87c0104","ts":"2025-07-16T11:34:55.291-04:00","eventName":"n8n.node.finished","message":"n8n.node.finished","payload":{"workflowId":"gYgx1q4618IFHrr3","workflowName":"DataWarehouseToAirtable&Discord","executionId":"592","nodeType":"n8n-nodes-base.set","nodeName":"Edit Fields","nodeId":"15471388-09e0-4de4-b3c1-96237335a451"}}
{"__type":"$$EventMessageConfirm","confirm":"f5be3179-9870-43c5-a552-357ff87c0104","ts":"2025-07-16T11:34:55.291-04:00","source":{"id":"0","name":"eventBus"}}
{"__type":"$$EventMessageNode","id":"63190824-6f93-4c54-8995-c74895a1dc5f","ts":"2025-07-16T11:34:55.292-04:00","eventName":"n8n.node.started","message":"n8n.node.started","payload":{"workflowId":"gYgx1q4618IFHrr3","workflowName":"DataWarehouseToAirtable&Discord","executionId":"592","nodeType":"n8n-nodes-base.airtable","nodeName":"Create a record","nodeId":"438b3991-41a1-42f6-8fc8-5e67dcd1a64e"}}
{"__type":"$$EventMessageConfirm","confirm":"63190824-6f93-4c54-8995-c74895a1dc5f","ts":"2025-07-16T11:34:55.292-04:00","source":{"id":"0","name":"eventBus"}}
{"__type":"$$EventMessageNode","id":"b9766ccb-46a8-4d7b-950e-4568fd0a287e","ts":"2025-07-16T11:35:06.753-04:00","eventName":"n8n.node.finished","message":"n8n.node.finished","payload":{"workflowId":"gYgx1q4618IFHrr3","workflowName":"DataWarehouseToAirtable&Discord","executionId":"592","nodeType":"n8n-nodes-base.airtable","nodeName":"Create a record","nodeId":"438b3991-41a1-42f6-8fc8-5e67dcd1a64e"}}
{"__type":"$$EventMessageConfirm","confirm":"b9766ccb-46a8-4d7b-950e-4568fd0a287e","ts":"2025-07-16T11:35:06.754-04:00","source":{"id":"0","name":"eventBus"}}
{"__type":"$$EventMessageNode","id":"4b815f4b-5163-447f-af1f-b7b4f37f4551","ts":"2025-07-16T11:35:06.755-04:00","eventName":"n8n.node.started","message":"n8n.node.started","payload":{"workflowId":"gYgx1q4618IFHrr3","workflowName":"DataWarehouseToAirtable&Discord","executionId":"592","nodeType":"n8n-nodes-base.code","nodeName":"Code","nodeId":"b2a6f68e-934c-4ad2-bc87-c88c711f6667"}}
{"__type":"$$EventMessageConfirm","confirm":"4b815f4b-5163-447f-af1f-b7b4f37f4551","ts":"2025-07-16T11:35:06.756-04:00","source":{"id":"0","name":"eventBus"}}
{"__type":"$$EventMessageNode","id":"3e833894-4856-488b-b1ff-ae7963c1b552","ts":"2025-07-16T11:35:06.773-04:00","eventName":"n8n.node.finished","message":"n8n.node.finished","payload":{"workflowId":"gYgx1q4618IFHrr3","workflowName":"DataWarehouseToAirtable&Discord","executionId":"592","nodeType":"n8n-nodes-base.code","nodeName":"Code","nodeId":"b2a6f68e-934c-4ad2-bc87-c88c711f6667"}}
{"__type":"$$EventMessageConfirm","confirm":"3e833894-4856-488b-b1ff-ae7963c1b552","ts":"2025-07-16T11:35:06.774-04:00","source":{"id":"0","name":"eventBus"}}
{"__type":"$$EventMessageNode","id":"92ea38c4-fbee-41d4-83fa-6ede75f2d96c","ts":"2025-07-16T11:35:06.774-04:00","eventName":"n8n.node.started","message":"n8n.node.started","payload":{"workflowId":"gYgx1q4618IFHrr3","workflowName":"DataWarehouseToAirtable&Discord","executionId":"592","nodeType":"n8n-nodes-base.discord","nodeName":"Discord","nodeId":"330aa8af-c564-4c84-8461-9755f314928e"}}
{"__type":"$$EventMessageConfirm","confirm":"92ea38c4-fbee-41d4-83fa-6ede75f2d96c","ts":"2025-07-16T11:35:06.774-04:00","source":{"id":"0","name":"eventBus"}}
{"__type":"$$EventMessageNode","id":"83ce8318-2454-47d3-901b-35d63ef8e385","ts":"2025-07-16T11:35:10.851-04:00","eventName":"n8n.node.finished","message":"n8n.node.finished","payload":{"workflowId":"gYgx1q4618IFHrr3","workflowName":"DataWarehouseToAirtable&Discord","executionId":"592","nodeType":"n8n-nodes-base.discord","nodeName":"Discord","nodeId":"330aa8af-c564-4c84-8461-9755f314928e"}}
{"__type":"$$EventMessageConfirm","confirm":"83ce8318-2454-47d3-901b-35d63ef8e385","ts":"2025-07-16T11:35:10.851-04:00","source":{"id":"0","name":"eventBus"}}
{"__type":"$$EventMessageWorkflow","id":"e7491795-3d7a-448a-9f0d-2f15866698fc","ts":"2025-07-16T11:35:10.861-04:00","eventName":"n8n.workflow.success","message":"n8n.workflow.success","payload":{"userId":"8f719475-e455-41e2-af6c-29e41158f91f","executionId":"592","success":true,"isManual":true,"workflowId":"gYgx1q4618IFHrr3","workflowName":"DataWarehouseToAirtable&Discord"}}
{"__type":"$$EventMessageConfirm","confirm":"e7491795-3d7a-448a-9f0d-2f15866698fc","ts":"2025-07-16T11:35:10.861-04:00","source":{"id":"0","name":"eventBus"}}
{"__type":"$$EventMessageAudit","id":"135dc16a-e030-4df7-97a0-9b47a2a13c8a","ts":"2025-07-16T13:00:20.824-04:00","eventName":"n8n.audit.workflow.updated","message":"n8n.audit.workflow.updated","payload":{"userId":"8f719475-e455-41e2-af6c-29e41158f91f","_email":"ayeshaareej222@gmail.com","_firstName":"Ayesha ","_lastName":"Areej","globalRole":"global:owner","workflowId":"gYgx1q4618IFHrr3","workflowName":"DataWarehouseToAirtable&Discord"}}
{"__type":"$$EventMessageConfirm","confirm":"135dc16a-e030-4df7-97a0-9b47a2a13c8a","ts":"2025-07-16T13:00:20.825-04:00","source":{"id":"0","name":"eventBus"}}
{"__type":"$$EventMessageAudit","id":"c9898a37-b077-40db-9c6c-efa8658aa98e","ts":"2025-07-16T13:23:41.527-04:00","eventName":"n8n.audit.workflow.updated","message":"n8n.audit.workflow.updated","payload":{"userId":"8f719475-e455-41e2-af6c-29e41158f91f","_email":"ayeshaareej222@gmail.com","_firstName":"Ayesha ","_lastName":"Areej","globalRole":"global:owner","workflowId":"HDHCqbt4YEnLlD7Z","workflowName":"DataAndSalesAnalyticsReporting"}}
{"__type":"$$EventMessageConfirm","confirm":"c9898a37-b077-40db-9c6c-efa8658aa98e","ts":"2025-07-16T13:23:41.528-04:00","source":{"id":"0","name":"eventBus"}}
{"__type":"$$EventMessageWorkflow","id":"8fa6eda5-bb6c-4022-b00e-8c061a280bd3","ts":"2025-07-16T13:23:44.206-04:00","eventName":"n8n.workflow.started","message":"n8n.workflow.started","payload":{"executionId":"593","workflowId":"HDHCqbt4YEnLlD7Z","isManual":false,"workflowName":"DataAndSalesAnalyticsReporting"}}
{"__type":"$$EventMessageConfirm","confirm":"8fa6eda5-bb6c-4022-b00e-8c061a280bd3","ts":"2025-07-16T13:23:44.207-04:00","source":{"id":"0","name":"eventBus"}}
{"__type":"$$EventMessageNode","id":"e6c3ca1f-181e-4837-b8ca-ebd32a962042","ts":"2025-07-16T13:23:44.208-04:00","eventName":"n8n.node.started","message":"n8n.node.started","payload":{"workflowId":"HDHCqbt4YEnLlD7Z","workflowName":"DataAndSalesAnalyticsReporting","executionId":"593","nodeType":"n8n-nodes-base.airtableTrigger","nodeName":"Airtable Trigger","nodeId":"8f8c12e1-1cbc-4857-8d5a-b3585132e0ac"}}
{"__type":"$$EventMessageConfirm","confirm":"e6c3ca1f-181e-4837-b8ca-ebd32a962042","ts":"2025-07-16T13:23:44.209-04:00","source":{"id":"0","name":"eventBus"}}
{"__type":"$$EventMessageNode","id":"40d95c07-a295-449b-b800-71bbb664baa6","ts":"2025-07-16T13:23:48.777-04:00","eventName":"n8n.node.finished","message":"n8n.node.finished","payload":{"workflowId":"HDHCqbt4YEnLlD7Z","workflowName":"DataAndSalesAnalyticsReporting","executionId":"593","nodeType":"n8n-nodes-base.airtableTrigger","nodeName":"Airtable Trigger","nodeId":"8f8c12e1-1cbc-4857-8d5a-b3585132e0ac"}}
{"__type":"$$EventMessageConfirm","confirm":"40d95c07-a295-449b-b800-71bbb664baa6","ts":"2025-07-16T13:23:48.777-04:00","source":{"id":"0","name":"eventBus"}}
{"__type":"$$EventMessageWorkflow","id":"49858a0b-02b7-4afb-a653-2208c385ce6d","ts":"2025-07-16T13:23:48.781-04:00","eventName":"n8n.workflow.success","message":"n8n.workflow.success","payload":{"userId":"8f719475-e455-41e2-af6c-29e41158f91f","executionId":"593","success":true,"isManual":true,"workflowId":"HDHCqbt4YEnLlD7Z","workflowName":"DataAndSalesAnalyticsReporting"}}
{"__type":"$$EventMessageConfirm","confirm":"49858a0b-02b7-4afb-a653-2208c385ce6d","ts":"2025-07-16T13:23:48.781-04:00","source":{"id":"0","name":"eventBus"}}
{"__type":"$$EventMessageWorkflow","id":"55cdaa99-b669-474d-9584-51e0e4823b1b","ts":"2025-07-16T13:30:07.021-04:00","eventName":"n8n.workflow.started","message":"n8n.workflow.started","payload":{"executionId":"594","workflowId":"HDHCqbt4YEnLlD7Z","isManual":false,"workflowName":"DataAndSalesAnalyticsReporting"}}
{"__type":"$$EventMessageConfirm","confirm":"55cdaa99-b669-474d-9584-51e0e4823b1b","ts":"2025-07-16T13:30:07.022-04:00","source":{"id":"0","name":"eventBus"}}
{"__type":"$$EventMessageNode","id":"4118daaa-ae79-467e-b825-c9a6e53e1845","ts":"2025-07-16T13:30:07.023-04:00","eventName":"n8n.node.started","message":"n8n.node.started","payload":{"workflowId":"HDHCqbt4YEnLlD7Z","workflowName":"DataAndSalesAnalyticsReporting","executionId":"594","nodeType":"n8n-nodes-base.airtable","nodeName":"Search records","nodeId":"c7d61307-422a-4886-9c81-93bcc0a9df55"}}
{"__type":"$$EventMessageConfirm","confirm":"4118daaa-ae79-467e-b825-c9a6e53e1845","ts":"2025-07-16T13:30:07.023-04:00","source":{"id":"0","name":"eventBus"}}
{"__type":"$$EventMessageNode","id":"ce90ea7d-b144-4448-96f9-9232f18b1e53","ts":"2025-07-16T13:30:14.169-04:00","eventName":"n8n.node.finished","message":"n8n.node.finished","payload":{"workflowId":"HDHCqbt4YEnLlD7Z","workflowName":"DataAndSalesAnalyticsReporting","executionId":"594","nodeType":"n8n-nodes-base.airtable","nodeName":"Search records","nodeId":"c7d61307-422a-4886-9c81-93bcc0a9df55"}}
{"__type":"$$EventMessageConfirm","confirm":"ce90ea7d-b144-4448-96f9-9232f18b1e53","ts":"2025-07-16T13:30:14.169-04:00","source":{"id":"0","name":"eventBus"}}
{"__type":"$$EventMessageWorkflow","id":"42cfdd8e-29dc-40b7-82c5-238e72722778","ts":"2025-07-16T13:30:14.174-04:00","eventName":"n8n.workflow.success","message":"n8n.workflow.success","payload":{"userId":"8f719475-e455-41e2-af6c-29e41158f91f","executionId":"594","success":true,"isManual":true,"workflowId":"HDHCqbt4YEnLlD7Z","workflowName":"DataAndSalesAnalyticsReporting"}}
{"__type":"$$EventMessageConfirm","confirm":"42cfdd8e-29dc-40b7-82c5-238e72722778","ts":"2025-07-16T13:30:14.175-04:00","source":{"id":"0","name":"eventBus"}}
{"__type":"$$EventMessageWorkflow","id":"dd93e14b-8a22-4136-ad27-64fab5591d7d","ts":"2025-07-16T13:32:18.106-04:00","eventName":"n8n.workflow.started","message":"n8n.workflow.started","payload":{"executionId":"595","workflowId":"HDHCqbt4YEnLlD7Z","isManual":false,"workflowName":"DataAndSalesAnalyticsReporting"}}
{"__type":"$$EventMessageConfirm","confirm":"dd93e14b-8a22-4136-ad27-64fab5591d7d","ts":"2025-07-16T13:32:18.107-04:00","source":{"id":"0","name":"eventBus"}}
{"__type":"$$EventMessageNode","id":"a1072493-1ca4-49e3-b65b-9dc3e2c8fcb4","ts":"2025-07-16T13:32:18.108-04:00","eventName":"n8n.node.started","message":"n8n.node.started","payload":{"workflowId":"HDHCqbt4YEnLlD7Z","workflowName":"DataAndSalesAnalyticsReporting","executionId":"595","nodeType":"n8n-nodes-base.manualTrigger","nodeName":"When clicking ‘Execute workflow’","nodeId":"37d3ffc5-a141-47f7-9178-c8677e075aaf"}}
{"__type":"$$EventMessageConfirm","confirm":"a1072493-1ca4-49e3-b65b-9dc3e2c8fcb4","ts":"2025-07-16T13:32:18.108-04:00","source":{"id":"0","name":"eventBus"}}
{"__type":"$$EventMessageNode","id":"26074349-dba4-42f9-951d-35cd384a93e8","ts":"2025-07-16T13:32:18.110-04:00","eventName":"n8n.node.finished","message":"n8n.node.finished","payload":{"workflowId":"HDHCqbt4YEnLlD7Z","workflowName":"DataAndSalesAnalyticsReporting","executionId":"595","nodeType":"n8n-nodes-base.manualTrigger","nodeName":"When clicking ‘Execute workflow’","nodeId":"37d3ffc5-a141-47f7-9178-c8677e075aaf"}}
{"__type":"$$EventMessageConfirm","confirm":"26074349-dba4-42f9-951d-35cd384a93e8","ts":"2025-07-16T13:32:18.110-04:00","source":{"id":"0","name":"eventBus"}}
{"__type":"$$EventMessageNode","id":"3446ea13-47b0-4cd4-a842-af992b7d9fab","ts":"2025-07-16T13:32:18.110-04:00","eventName":"n8n.node.started","message":"n8n.node.started","payload":{"workflowId":"HDHCqbt4YEnLlD7Z","workflowName":"DataAndSalesAnalyticsReporting","executionId":"595","nodeType":"n8n-nodes-base.httpRequest","nodeName":"HTTP Request","nodeId":"72140864-9341-450d-86c9-db1f4a0dccb8"}}
{"__type":"$$EventMessageConfirm","confirm":"3446ea13-47b0-4cd4-a842-af992b7d9fab","ts":"2025-07-16T13:32:18.111-04:00","source":{"id":"0","name":"eventBus"}}
{"__type":"$$EventMessageNode","id":"60ee3ebb-30df-4b11-8871-070d67b75281","ts":"2025-07-16T13:32:20.732-04:00","eventName":"n8n.node.finished","message":"n8n.node.finished","payload":{"workflowId":"HDHCqbt4YEnLlD7Z","workflowName":"DataAndSalesAnalyticsReporting","executionId":"595","nodeType":"n8n-nodes-base.httpRequest","nodeName":"HTTP Request","nodeId":"72140864-9341-450d-86c9-db1f4a0dccb8"}}
{"__type":"$$EventMessageConfirm","confirm":"60ee3ebb-30df-4b11-8871-070d67b75281","ts":"2025-07-16T13:32:20.732-04:00","source":{"id":"0","name":"eventBus"}}
{"__type":"$$EventMessageWorkflow","id":"2405d3ba-574e-4968-b2ad-b1a94ebdb163","ts":"2025-07-16T13:32:20.735-04:00","eventName":"n8n.workflow.failed","message":"n8n.workflow.failed","payload":{"userId":"8f719475-e455-41e2-af6c-29e41158f91f","executionId":"595","success":false,"isManual":true,"workflowId":"HDHCqbt4YEnLlD7Z","workflowName":"DataAndSalesAnalyticsReporting","lastNodeExecuted":"HTTP Request","errorNodeType":"n8n-nodes-base.httpRequest","errorMessage":"Bad request - please check your parameters"}}
{"__type":"$$EventMessageConfirm","confirm":"2405d3ba-574e-4968-b2ad-b1a94ebdb163","ts":"2025-07-16T13:32:20.735-04:00","source":{"id":"0","name":"eventBus"}}
{"__type":"$$EventMessageWorkflow","id":"af7a132e-4433-4dec-8f6b-2d3f3feb6b38","ts":"2025-07-16T13:32:31.512-04:00","eventName":"n8n.workflow.started","message":"n8n.workflow.started","payload":{"executionId":"596","workflowId":"HDHCqbt4YEnLlD7Z","isManual":false,"workflowName":"DataAndSalesAnalyticsReporting"}}
{"__type":"$$EventMessageConfirm","confirm":"af7a132e-4433-4dec-8f6b-2d3f3feb6b38","ts":"2025-07-16T13:32:31.512-04:00","source":{"id":"0","name":"eventBus"}}
{"__type":"$$EventMessageNode","id":"e5fa561e-229b-4ace-b3fe-0685d6c8f456","ts":"2025-07-16T13:32:31.513-04:00","eventName":"n8n.node.started","message":"n8n.node.started","payload":{"workflowId":"HDHCqbt4YEnLlD7Z","workflowName":"DataAndSalesAnalyticsReporting","executionId":"596","nodeType":"n8n-nodes-base.httpRequest","nodeName":"HTTP Request","nodeId":"72140864-9341-450d-86c9-db1f4a0dccb8"}}
{"__type":"$$EventMessageConfirm","confirm":"e5fa561e-229b-4ace-b3fe-0685d6c8f456","ts":"2025-07-16T13:32:31.513-04:00","source":{"id":"0","name":"eventBus"}}
{"__type":"$$EventMessageNode","id":"c7932252-2e30-4137-8f99-10910ae1f586","ts":"2025-07-16T13:32:32.892-04:00","eventName":"n8n.node.finished","message":"n8n.node.finished","payload":{"workflowId":"HDHCqbt4YEnLlD7Z","workflowName":"DataAndSalesAnalyticsReporting","executionId":"596","nodeType":"n8n-nodes-base.httpRequest","nodeName":"HTTP Request","nodeId":"72140864-9341-450d-86c9-db1f4a0dccb8"}}
{"__type":"$$EventMessageConfirm","confirm":"c7932252-2e30-4137-8f99-10910ae1f586","ts":"2025-07-16T13:32:32.893-04:00","source":{"id":"0","name":"eventBus"}}
{"__type":"$$EventMessageWorkflow","id":"1910aa6b-6d7b-4220-a431-bb5f070bdb1b","ts":"2025-07-16T13:32:32.896-04:00","eventName":"n8n.workflow.failed","message":"n8n.workflow.failed","payload":{"userId":"8f719475-e455-41e2-af6c-29e41158f91f","executionId":"596","success":false,"isManual":true,"workflowId":"HDHCqbt4YEnLlD7Z","workflowName":"DataAndSalesAnalyticsReporting","lastNodeExecuted":"HTTP Request","errorNodeType":"n8n-nodes-base.httpRequest","errorMessage":"Bad request - please check your parameters"}}
{"__type":"$$EventMessageConfirm","confirm":"1910aa6b-6d7b-4220-a431-bb5f070bdb1b","ts":"2025-07-16T13:32:32.896-04:00","source":{"id":"0","name":"eventBus"}}
{"__type":"$$EventMessageWorkflow","id":"913e5389-8ca3-447e-8277-aa4a45f747db","ts":"2025-07-16T13:32:39.406-04:00","eventName":"n8n.workflow.started","message":"n8n.workflow.started","payload":{"executionId":"597","workflowId":"HDHCqbt4YEnLlD7Z","isManual":false,"workflowName":"DataAndSalesAnalyticsReporting"}}
{"__type":"$$EventMessageConfirm","confirm":"913e5389-8ca3-447e-8277-aa4a45f747db","ts":"2025-07-16T13:32:39.406-04:00","source":{"id":"0","name":"eventBus"}}
{"__type":"$$EventMessageNode","id":"3678e83c-1322-4d36-b6e8-850538790737","ts":"2025-07-16T13:32:39.406-04:00","eventName":"n8n.node.started","message":"n8n.node.started","payload":{"workflowId":"HDHCqbt4YEnLlD7Z","workflowName":"DataAndSalesAnalyticsReporting","executionId":"597","nodeType":"n8n-nodes-base.manualTrigger","nodeName":"When clicking ‘Execute workflow’","nodeId":"37d3ffc5-a141-47f7-9178-c8677e075aaf"}}
{"__type":"$$EventMessageConfirm","confirm":"3678e83c-1322-4d36-b6e8-850538790737","ts":"2025-07-16T13:32:39.406-04:00","source":{"id":"0","name":"eventBus"}}
{"__type":"$$EventMessageNode","id":"ccba43b0-9668-4c1a-bcb7-9fa361c3fb76","ts":"2025-07-16T13:32:39.407-04:00","eventName":"n8n.node.finished","message":"n8n.node.finished","payload":{"workflowId":"HDHCqbt4YEnLlD7Z","workflowName":"DataAndSalesAnalyticsReporting","executionId":"597","nodeType":"n8n-nodes-base.manualTrigger","nodeName":"When clicking ‘Execute workflow’","nodeId":"37d3ffc5-a141-47f7-9178-c8677e075aaf"}}
{"__type":"$$EventMessageConfirm","confirm":"ccba43b0-9668-4c1a-bcb7-9fa361c3fb76","ts":"2025-07-16T13:32:39.407-04:00","source":{"id":"0","name":"eventBus"}}
{"__type":"$$EventMessageNode","id":"0e711675-873d-47b6-a185-0b6cba3fe284","ts":"2025-07-16T13:32:39.407-04:00","eventName":"n8n.node.started","message":"n8n.node.started","payload":{"workflowId":"HDHCqbt4YEnLlD7Z","workflowName":"DataAndSalesAnalyticsReporting","executionId":"597","nodeType":"n8n-nodes-base.airtable","nodeName":"Search records","nodeId":"c7d61307-422a-4886-9c81-93bcc0a9df55"}}
{"__type":"$$EventMessageConfirm","confirm":"0e711675-873d-47b6-a185-0b6cba3fe284","ts":"2025-07-16T13:32:39.407-04:00","source":{"id":"0","name":"eventBus"}}
{"__type":"$$EventMessageNode","id":"64abc1ec-1098-4f09-9472-b9d1c6c77d30","ts":"2025-07-16T13:32:40.726-04:00","eventName":"n8n.node.finished","message":"n8n.node.finished","payload":{"workflowId":"HDHCqbt4YEnLlD7Z","workflowName":"DataAndSalesAnalyticsReporting","executionId":"597","nodeType":"n8n-nodes-base.airtable","nodeName":"Search records","nodeId":"c7d61307-422a-4886-9c81-93bcc0a9df55"}}
{"__type":"$$EventMessageConfirm","confirm":"64abc1ec-1098-4f09-9472-b9d1c6c77d30","ts":"2025-07-16T13:32:40.726-04:00","source":{"id":"0","name":"eventBus"}}
{"__type":"$$EventMessageNode","id":"d9809416-e812-4236-9c33-8c61c777522e","ts":"2025-07-16T13:32:40.727-04:00","eventName":"n8n.node.started","message":"n8n.node.started","payload":{"workflowId":"HDHCqbt4YEnLlD7Z","workflowName":"DataAndSalesAnalyticsReporting","executionId":"597","nodeType":"n8n-nodes-base.httpRequest","nodeName":"HTTP Request","nodeId":"72140864-9341-450d-86c9-db1f4a0dccb8"}}
{"__type":"$$EventMessageConfirm","confirm":"d9809416-e812-4236-9c33-8c61c777522e","ts":"2025-07-16T13:32:40.727-04:00","source":{"id":"0","name":"eventBus"}}
{"__type":"$$EventMessageNode","id":"de4e6081-ea79-49b7-8e47-ef1e6f5de298","ts":"2025-07-16T13:32:41.510-04:00","eventName":"n8n.node.finished","message":"n8n.node.finished","payload":{"workflowId":"HDHCqbt4YEnLlD7Z","workflowName":"DataAndSalesAnalyticsReporting","executionId":"597","nodeType":"n8n-nodes-base.httpRequest","nodeName":"HTTP Request","nodeId":"72140864-9341-450d-86c9-db1f4a0dccb8"}}
{"__type":"$$EventMessageConfirm","confirm":"de4e6081-ea79-49b7-8e47-ef1e6f5de298","ts":"2025-07-16T13:32:41.510-04:00","source":{"id":"0","name":"eventBus"}}
{"__type":"$$EventMessageWorkflow","id":"a44a4c20-28d4-44cc-b40e-5ada5ae365db","ts":"2025-07-16T13:32:41.513-04:00","eventName":"n8n.workflow.failed","message":"n8n.workflow.failed","payload":{"userId":"8f719475-e455-41e2-af6c-29e41158f91f","executionId":"597","success":false,"isManual":true,"workflowId":"HDHCqbt4YEnLlD7Z","workflowName":"DataAndSalesAnalyticsReporting","lastNodeExecuted":"HTTP Request","errorNodeType":"n8n-nodes-base.httpRequest","errorMessage":"Bad request - please check your parameters"}}
{"__type":"$$EventMessageConfirm","confirm":"a44a4c20-28d4-44cc-b40e-5ada5ae365db","ts":"2025-07-16T13:32:41.514-04:00","source":{"id":"0","name":"eventBus"}}
{"__type":"$$EventMessageAudit","id":"f7a48875-c1f2-43ec-a4d0-0c7f49de26f4","ts":"2025-07-16T13:46:05.079-04:00","eventName":"n8n.audit.workflow.updated","message":"n8n.audit.workflow.updated","payload":{"userId":"8f719475-e455-41e2-af6c-29e41158f91f","_email":"ayeshaareej222@gmail.com","_firstName":"Ayesha ","_lastName":"Areej","globalRole":"global:owner","workflowId":"HDHCqbt4YEnLlD7Z","workflowName":"DataAndSalesAnalyticsReporting"}}
{"__type":"$$EventMessageConfirm","confirm":"f7a48875-c1f2-43ec-a4d0-0c7f49de26f4","ts":"2025-07-16T13:46:05.080-04:00","source":{"id":"0","name":"eventBus"}}
